WARNING:tensorflow:From /home/hh2263/miniconda3/envs/drum-1.15/lib/python3.7/site-packages/tensorflow_core/python/ops/resource_variable_ops.py:1630: calling BaseResourceVariable.__init__ (from tensorflow.python.ops.resource_variable_ops) with constraint is deprecated and will be removed in a future version.
Instructions for updating:
If using Keras pass *_constraint arguments to layers.
2020-03-18 13:57:37.927349: I tensorflow/stream_executor/platform/default/dso_loader.cc:44] Successfully opened dynamic library libcuda.so.1
2020-03-18 13:57:37.961567: I tensorflow/core/common_runtime/gpu/gpu_device.cc:1618] Found device 0 with properties: 
name: Tesla P100-PCIE-16GB major: 6 minor: 0 memoryClockRate(GHz): 1.3285
pciBusID: 0000:04:00.0
2020-03-18 13:57:37.981082: I tensorflow/stream_executor/platform/default/dso_loader.cc:44] Successfully opened dynamic library libcudart.so.10.0
2020-03-18 13:57:38.008745: I tensorflow/stream_executor/platform/default/dso_loader.cc:44] Successfully opened dynamic library libcublas.so.10.0
2020-03-18 13:57:38.040886: I tensorflow/stream_executor/platform/default/dso_loader.cc:44] Successfully opened dynamic library libcufft.so.10.0
2020-03-18 13:57:38.064910: I tensorflow/stream_executor/platform/default/dso_loader.cc:44] Successfully opened dynamic library libcurand.so.10.0
2020-03-18 13:57:38.133821: I tensorflow/stream_executor/platform/default/dso_loader.cc:44] Successfully opened dynamic library libcusolver.so.10.0
2020-03-18 13:57:38.155611: I tensorflow/stream_executor/platform/default/dso_loader.cc:44] Successfully opened dynamic library libcusparse.so.10.0
2020-03-18 13:57:38.214543: I tensorflow/stream_executor/platform/default/dso_loader.cc:44] Successfully opened dynamic library libcudnn.so.7
2020-03-18 13:57:38.220036: I tensorflow/core/common_runtime/gpu/gpu_device.cc:1746] Adding visible gpu devices: 0
2020-03-18 13:57:38.220742: I tensorflow/core/platform/cpu_feature_guard.cc:142] Your CPU supports instructions that this TensorFlow binary was not compiled to use: SSE4.1 SSE4.2 AVX AVX2 FMA
2020-03-18 13:57:38.234412: I tensorflow/core/platform/profile_utils/cpu_utils.cc:94] CPU Frequency: 2599815000 Hz
2020-03-18 13:57:38.234754: I tensorflow/compiler/xla/service/service.cc:168] XLA service 0x2b09451c9570 initialized for platform Host (this does not guarantee that XLA will be used). Devices:
2020-03-18 13:57:38.234788: I tensorflow/compiler/xla/service/service.cc:176]   StreamExecutor device (0): Host, Default Version
2020-03-18 13:57:38.258176: I tensorflow/core/common_runtime/gpu/gpu_device.cc:1618] Found device 0 with properties: 
name: Tesla P100-PCIE-16GB major: 6 minor: 0 memoryClockRate(GHz): 1.3285
pciBusID: 0000:04:00.0
2020-03-18 13:57:38.258321: I tensorflow/stream_executor/platform/default/dso_loader.cc:44] Successfully opened dynamic library libcudart.so.10.0
2020-03-18 13:57:38.258365: I tensorflow/stream_executor/platform/default/dso_loader.cc:44] Successfully opened dynamic library libcublas.so.10.0
2020-03-18 13:57:38.258401: I tensorflow/stream_executor/platform/default/dso_loader.cc:44] Successfully opened dynamic library libcufft.so.10.0
2020-03-18 13:57:38.258436: I tensorflow/stream_executor/platform/default/dso_loader.cc:44] Successfully opened dynamic library libcurand.so.10.0
2020-03-18 13:57:38.258472: I tensorflow/stream_executor/platform/default/dso_loader.cc:44] Successfully opened dynamic library libcusolver.so.10.0
2020-03-18 13:57:38.258507: I tensorflow/stream_executor/platform/default/dso_loader.cc:44] Successfully opened dynamic library libcusparse.so.10.0
2020-03-18 13:57:38.258542: I tensorflow/stream_executor/platform/default/dso_loader.cc:44] Successfully opened dynamic library libcudnn.so.7
2020-03-18 13:57:38.264471: I tensorflow/core/common_runtime/gpu/gpu_device.cc:1746] Adding visible gpu devices: 0
2020-03-18 13:57:38.265993: I tensorflow/stream_executor/platform/default/dso_loader.cc:44] Successfully opened dynamic library libcudart.so.10.0
2020-03-18 13:57:38.406321: I tensorflow/core/common_runtime/gpu/gpu_device.cc:1159] Device interconnect StreamExecutor with strength 1 edge matrix:
2020-03-18 13:57:38.406376: I tensorflow/core/common_runtime/gpu/gpu_device.cc:1165]      0 
2020-03-18 13:57:38.406386: I tensorflow/core/common_runtime/gpu/gpu_device.cc:1178] 0:   N 
2020-03-18 13:57:38.411130: I tensorflow/core/common_runtime/gpu/gpu_device.cc:1304] Created TensorFlow device (/job:localhost/replica:0/task:0/device:GPU:0 with 15216 MB memory) -> physical GPU (device: 0, name: Tesla P100-PCIE-16GB, pci bus id: 0000:04:00.0, compute capability: 6.0)
2020-03-18 13:57:38.413030: I tensorflow/compiler/xla/service/service.cc:168] XLA service 0x2b0945f6da70 initialized for platform CUDA (this does not guarantee that XLA will be used). Devices:
2020-03-18 13:57:38.413047: I tensorflow/compiler/xla/service/service.cc:176]   StreamExecutor device (0): Tesla P100-PCIE-16GB, Compute Capability 6.0
2020-03-18 13:57:43.329278: I tensorflow/stream_executor/platform/default/dso_loader.cc:44] Successfully opened dynamic library libcublas.so.10.0
2020-03-18 13:57:43.736578: I tensorflow/stream_executor/platform/default/dso_loader.cc:44] Successfully opened dynamic library libcudnn.so.7
2020-03-18 13:57:45.323866: W tensorflow/stream_executor/cuda/redzone_allocator.cc:312] Not found: ./bin/ptxas not found
Relying on driver to perform ptx compilation. This message will be only logged once.
Train on 3200 samples, validate on 7776 samples
3200/3200 - 4s - loss: 0.4830 - mean_squared_error: 0.4830 - val_loss: 0.3634 - val_mean_squared_error: 0.3634
Train on 3200 samples, validate on 7776 samples
3200/3200 - 1s - loss: 0.1253 - mean_squared_error: 0.1253 - val_loss: 0.1220 - val_mean_squared_error: 0.1220
Train on 3200 samples, validate on 7776 samples
3200/3200 - 1s - loss: 0.0774 - mean_squared_error: 0.0774 - val_loss: 0.0752 - val_mean_squared_error: 0.0752
Train on 3200 samples, validate on 7776 samples
3200/3200 - 1s - loss: 0.0673 - mean_squared_error: 0.0673 - val_loss: 0.0446 - val_mean_squared_error: 0.0446
Train on 3200 samples, validate on 7776 samples
3200/3200 - 1s - loss: 0.0637 - mean_squared_error: 0.0637 - val_loss: 0.0421 - val_mean_squared_error: 0.0421
Train on 3200 samples, validate on 7776 samples
3200/3200 - 1s - loss: 0.0630 - mean_squared_error: 0.0630 - val_loss: 0.0348 - val_mean_squared_error: 0.0348
Train on 3200 samples, validate on 7776 samples
3200/3200 - 1s - loss: 0.0606 - mean_squared_error: 0.0606 - val_loss: 0.0277 - val_mean_squared_error: 0.0277
Train on 3200 samples, validate on 7776 samples
3200/3200 - 1s - loss: 0.0592 - mean_squared_error: 0.0592 - val_loss: 0.0244 - val_mean_squared_error: 0.0244
Train on 3200 samples, validate on 7776 samples
3200/3200 - 1s - loss: 0.0595 - mean_squared_error: 0.0595 - val_loss: 0.0213 - val_mean_squared_error: 0.0213
Train on 3200 samples, validate on 7776 samples
3200/3200 - 1s - loss: 0.0584 - mean_squared_error: 0.0584 - val_loss: 0.0231 - val_mean_squared_error: 0.0231
Train on 3200 samples, validate on 7776 samples
3200/3200 - 1s - loss: 0.0578 - mean_squared_error: 0.0578 - val_loss: 0.0205 - val_mean_squared_error: 0.0205
Train on 3200 samples, validate on 7776 samples
3200/3200 - 1s - loss: 0.0577 - mean_squared_error: 0.0577 - val_loss: 0.0203 - val_mean_squared_error: 0.0203
Train on 3200 samples, validate on 7776 samples
3200/3200 - 1s - loss: 0.0583 - mean_squared_error: 0.0583 - val_loss: 0.0198 - val_mean_squared_error: 0.0198
Train on 3200 samples, validate on 7776 samples
3200/3200 - 1s - loss: 0.0576 - mean_squared_error: 0.0576 - val_loss: 0.0206 - val_mean_squared_error: 0.0206
Train on 3200 samples, validate on 7776 samples
3200/3200 - 1s - loss: 0.0565 - mean_squared_error: 0.0565 - val_loss: 0.0222 - val_mean_squared_error: 0.0222
Train on 3200 samples, validate on 7776 samples
3200/3200 - 1s - loss: 0.0557 - mean_squared_error: 0.0557 - val_loss: 0.0231 - val_mean_squared_error: 0.0231
Train on 3200 samples, validate on 7776 samples
3200/3200 - 1s - loss: 0.0560 - mean_squared_error: 0.0560 - val_loss: 0.0198 - val_mean_squared_error: 0.0198
Train on 3200 samples, validate on 7776 samples
3200/3200 - 1s - loss: 0.0561 - mean_squared_error: 0.0561 - val_loss: 0.0189 - val_mean_squared_error: 0.0189
Train on 3200 samples, validate on 7776 samples
3200/3200 - 1s - loss: 0.0556 - mean_squared_error: 0.0556 - val_loss: 0.0195 - val_mean_squared_error: 0.0195
Train on 3200 samples, validate on 7776 samples
3200/3200 - 1s - loss: 0.0553 - mean_squared_error: 0.0553 - val_loss: 0.0187 - val_mean_squared_error: 0.0187
Train on 3200 samples, validate on 7776 samples
3200/3200 - 1s - loss: 0.0555 - mean_squared_error: 0.0555 - val_loss: 0.0192 - val_mean_squared_error: 0.0192
Train on 3200 samples, validate on 7776 samples
3200/3200 - 1s - loss: 0.0545 - mean_squared_error: 0.0545 - val_loss: 0.0198 - val_mean_squared_error: 0.0198
Train on 3200 samples, validate on 7776 samples
3200/3200 - 1s - loss: 0.0551 - mean_squared_error: 0.0551 - val_loss: 0.0214 - val_mean_squared_error: 0.0214
Train on 3200 samples, validate on 7776 samples
3200/3200 - 1s - loss: 0.0535 - mean_squared_error: 0.0535 - val_loss: 0.0189 - val_mean_squared_error: 0.0189
Train on 3200 samples, validate on 7776 samples
3200/3200 - 1s - loss: 0.0548 - mean_squared_error: 0.0548 - val_loss: 0.0195 - val_mean_squared_error: 0.0195
Train on 3200 samples, validate on 7776 samples
3200/3200 - 1s - loss: 0.0543 - mean_squared_error: 0.0543 - val_loss: 0.0190 - val_mean_squared_error: 0.0190
Train on 3200 samples, validate on 7776 samples
3200/3200 - 1s - loss: 0.0531 - mean_squared_error: 0.0531 - val_loss: 0.0194 - val_mean_squared_error: 0.0194
Train on 3200 samples, validate on 7776 samples
3200/3200 - 1s - loss: 0.0542 - mean_squared_error: 0.0542 - val_loss: 0.0199 - val_mean_squared_error: 0.0199
Train on 3200 samples, validate on 7776 samples
3200/3200 - 1s - loss: 0.0528 - mean_squared_error: 0.0528 - val_loss: 0.0180 - val_mean_squared_error: 0.0180
Train on 3200 samples, validate on 7776 samples
3200/3200 - 1s - loss: 0.0543 - mean_squared_error: 0.0543 - val_loss: 0.0186 - val_mean_squared_error: 0.0186
Traceback (most recent call last):
  File "/home/hh2263/wave2shape/src/06_train.py", line 103, in <module>
    Sy_train,y_train = pickle.load(pkl_train) 
EOFError: Ran out of input
WARNING:tensorflow:From /home/hh2263/miniconda3/envs/drum-1.15/lib/python3.7/site-packages/tensorflow_core/python/ops/resource_variable_ops.py:1630: calling BaseResourceVariable.__init__ (from tensorflow.python.ops.resource_variable_ops) with constraint is deprecated and will be removed in a future version.
Instructions for updating:
If using Keras pass *_constraint arguments to layers.
2020-03-18 13:58:20.254854: I tensorflow/stream_executor/platform/default/dso_loader.cc:44] Successfully opened dynamic library libcuda.so.1
2020-03-18 13:58:20.285579: I tensorflow/core/common_runtime/gpu/gpu_device.cc:1618] Found device 0 with properties: 
name: Tesla P100-PCIE-16GB major: 6 minor: 0 memoryClockRate(GHz): 1.3285
pciBusID: 0000:04:00.0
2020-03-18 13:58:20.286020: I tensorflow/stream_executor/platform/default/dso_loader.cc:44] Successfully opened dynamic library libcudart.so.10.0
2020-03-18 13:58:20.288032: I tensorflow/stream_executor/platform/default/dso_loader.cc:44] Successfully opened dynamic library libcublas.so.10.0
2020-03-18 13:58:20.290159: I tensorflow/stream_executor/platform/default/dso_loader.cc:44] Successfully opened dynamic library libcufft.so.10.0
2020-03-18 13:58:20.290654: I tensorflow/stream_executor/platform/default/dso_loader.cc:44] Successfully opened dynamic library libcurand.so.10.0
2020-03-18 13:58:20.293288: I tensorflow/stream_executor/platform/default/dso_loader.cc:44] Successfully opened dynamic library libcusolver.so.10.0
2020-03-18 13:58:20.295396: I tensorflow/stream_executor/platform/default/dso_loader.cc:44] Successfully opened dynamic library libcusparse.so.10.0
2020-03-18 13:58:20.301219: I tensorflow/stream_executor/platform/default/dso_loader.cc:44] Successfully opened dynamic library libcudnn.so.7
2020-03-18 13:58:20.305781: I tensorflow/core/common_runtime/gpu/gpu_device.cc:1746] Adding visible gpu devices: 0
2020-03-18 13:58:20.306413: I tensorflow/core/platform/cpu_feature_guard.cc:142] Your CPU supports instructions that this TensorFlow binary was not compiled to use: SSE4.1 SSE4.2 AVX AVX2 FMA
2020-03-18 13:58:20.316689: I tensorflow/core/platform/profile_utils/cpu_utils.cc:94] CPU Frequency: 2599815000 Hz
2020-03-18 13:58:20.316921: I tensorflow/compiler/xla/service/service.cc:168] XLA service 0x2b4c74252d50 initialized for platform Host (this does not guarantee that XLA will be used). Devices:
2020-03-18 13:58:20.316952: I tensorflow/compiler/xla/service/service.cc:176]   StreamExecutor device (0): Host, Default Version
2020-03-18 13:58:20.319200: I tensorflow/core/common_runtime/gpu/gpu_device.cc:1618] Found device 0 with properties: 
name: Tesla P100-PCIE-16GB major: 6 minor: 0 memoryClockRate(GHz): 1.3285
pciBusID: 0000:04:00.0
2020-03-18 13:58:20.319250: I tensorflow/stream_executor/platform/default/dso_loader.cc:44] Successfully opened dynamic library libcudart.so.10.0
2020-03-18 13:58:20.319281: I tensorflow/stream_executor/platform/default/dso_loader.cc:44] Successfully opened dynamic library libcublas.so.10.0
2020-03-18 13:58:20.319307: I tensorflow/stream_executor/platform/default/dso_loader.cc:44] Successfully opened dynamic library libcufft.so.10.0
2020-03-18 13:58:20.319341: I tensorflow/stream_executor/platform/default/dso_loader.cc:44] Successfully opened dynamic library libcurand.so.10.0
2020-03-18 13:58:20.319366: I tensorflow/stream_executor/platform/default/dso_loader.cc:44] Successfully opened dynamic library libcusolver.so.10.0
2020-03-18 13:58:20.319392: I tensorflow/stream_executor/platform/default/dso_loader.cc:44] Successfully opened dynamic library libcusparse.so.10.0
2020-03-18 13:58:20.319418: I tensorflow/stream_executor/platform/default/dso_loader.cc:44] Successfully opened dynamic library libcudnn.so.7
2020-03-18 13:58:20.323438: I tensorflow/core/common_runtime/gpu/gpu_device.cc:1746] Adding visible gpu devices: 0
2020-03-18 13:58:20.323490: I tensorflow/stream_executor/platform/default/dso_loader.cc:44] Successfully opened dynamic library libcudart.so.10.0
2020-03-18 13:58:20.445590: I tensorflow/core/common_runtime/gpu/gpu_device.cc:1159] Device interconnect StreamExecutor with strength 1 edge matrix:
2020-03-18 13:58:20.445629: I tensorflow/core/common_runtime/gpu/gpu_device.cc:1165]      0 
2020-03-18 13:58:20.445638: I tensorflow/core/common_runtime/gpu/gpu_device.cc:1178] 0:   N 
2020-03-18 13:58:20.450391: I tensorflow/core/common_runtime/gpu/gpu_device.cc:1304] Created TensorFlow device (/job:localhost/replica:0/task:0/device:GPU:0 with 15216 MB memory) -> physical GPU (device: 0, name: Tesla P100-PCIE-16GB, pci bus id: 0000:04:00.0, compute capability: 6.0)
2020-03-18 13:58:20.452140: I tensorflow/compiler/xla/service/service.cc:168] XLA service 0x2b4c73c70060 initialized for platform CUDA (this does not guarantee that XLA will be used). Devices:
2020-03-18 13:58:20.452156: I tensorflow/compiler/xla/service/service.cc:176]   StreamExecutor device (0): Tesla P100-PCIE-16GB, Compute Capability 6.0
2020-03-18 13:58:22.170011: I tensorflow/stream_executor/platform/default/dso_loader.cc:44] Successfully opened dynamic library libcublas.so.10.0
2020-03-18 13:58:22.390376: I tensorflow/stream_executor/platform/default/dso_loader.cc:44] Successfully opened dynamic library libcudnn.so.7
2020-03-18 13:58:23.391169: W tensorflow/stream_executor/cuda/redzone_allocator.cc:312] Not found: ./bin/ptxas not found
Relying on driver to perform ptx compilation. This message will be only logged once.
Train on 3200 samples, validate on 7776 samples
3200/3200 - 3s - loss: 0.4770 - mean_squared_error: 0.4770 - val_loss: 0.1212 - val_mean_squared_error: 0.1212
Train on 3200 samples, validate on 7776 samples
3200/3200 - 1s - loss: 0.1254 - mean_squared_error: 0.1254 - val_loss: 0.0543 - val_mean_squared_error: 0.0543
Train on 3200 samples, validate on 7776 samples
3200/3200 - 1s - loss: 0.0768 - mean_squared_error: 0.0768 - val_loss: 0.0392 - val_mean_squared_error: 0.0392
Train on 3200 samples, validate on 7776 samples
3200/3200 - 1s - loss: 0.0673 - mean_squared_error: 0.0673 - val_loss: 0.0363 - val_mean_squared_error: 0.0363
Train on 3200 samples, validate on 7776 samples
3200/3200 - 1s - loss: 0.0644 - mean_squared_error: 0.0644 - val_loss: 0.0308 - val_mean_squared_error: 0.0308
Train on 3200 samples, validate on 7776 samples
3200/3200 - 1s - loss: 0.0617 - mean_squared_error: 0.0617 - val_loss: 0.0274 - val_mean_squared_error: 0.0274
Train on 3200 samples, validate on 7776 samples
3200/3200 - 1s - loss: 0.0604 - mean_squared_error: 0.0604 - val_loss: 0.0257 - val_mean_squared_error: 0.0257
Train on 3200 samples, validate on 7776 samples
3200/3200 - 1s - loss: 0.0593 - mean_squared_error: 0.0593 - val_loss: 0.0231 - val_mean_squared_error: 0.0231
Train on 3200 samples, validate on 7776 samples
3200/3200 - 1s - loss: 0.0588 - mean_squared_error: 0.0588 - val_loss: 0.0205 - val_mean_squared_error: 0.0205
Train on 3200 samples, validate on 7776 samples
3200/3200 - 1s - loss: 0.0578 - mean_squared_error: 0.0578 - val_loss: 0.0203 - val_mean_squared_error: 0.0203
Train on 3200 samples, validate on 7776 samples
3200/3200 - 1s - loss: 0.0571 - mean_squared_error: 0.0571 - val_loss: 0.0199 - val_mean_squared_error: 0.0199
Train on 3200 samples, validate on 7776 samples
3200/3200 - 1s - loss: 0.0570 - mean_squared_error: 0.0570 - val_loss: 0.0204 - val_mean_squared_error: 0.0204
Train on 3200 samples, validate on 7776 samples
3200/3200 - 1s - loss: 0.0576 - mean_squared_error: 0.0576 - val_loss: 0.0196 - val_mean_squared_error: 0.0196
Train on 3200 samples, validate on 7776 samples
3200/3200 - 1s - loss: 0.0559 - mean_squared_error: 0.0559 - val_loss: 0.0205 - val_mean_squared_error: 0.0205
Train on 3200 samples, validate on 7776 samples
3200/3200 - 1s - loss: 0.0566 - mean_squared_error: 0.0566 - val_loss: 0.0187 - val_mean_squared_error: 0.0187
Train on 3200 samples, validate on 7776 samples
3200/3200 - 1s - loss: 0.0554 - mean_squared_error: 0.0554 - val_loss: 0.0194 - val_mean_squared_error: 0.0194
Train on 3200 samples, validate on 7776 samples
3200/3200 - 1s - loss: 0.0558 - mean_squared_error: 0.0558 - val_loss: 0.0185 - val_mean_squared_error: 0.0185
Train on 3200 samples, validate on 7776 samples
3200/3200 - 1s - loss: 0.0547 - mean_squared_error: 0.0547 - val_loss: 0.0186 - val_mean_squared_error: 0.0186
Train on 3200 samples, validate on 7776 samples
3200/3200 - 1s - loss: 0.0551 - mean_squared_error: 0.0551 - val_loss: 0.0188 - val_mean_squared_error: 0.0188
Train on 3200 samples, validate on 7776 samples
3200/3200 - 1s - loss: 0.0543 - mean_squared_error: 0.0543 - val_loss: 0.0185 - val_mean_squared_error: 0.0185
Train on 3200 samples, validate on 7776 samples
3200/3200 - 1s - loss: 0.0541 - mean_squared_error: 0.0541 - val_loss: 0.0189 - val_mean_squared_error: 0.0189
Train on 3200 samples, validate on 7776 samples
3200/3200 - 1s - loss: 0.0534 - mean_squared_error: 0.0534 - val_loss: 0.0192 - val_mean_squared_error: 0.0192
Train on 3200 samples, validate on 7776 samples
3200/3200 - 1s - loss: 0.0521 - mean_squared_error: 0.0521 - val_loss: 0.0185 - val_mean_squared_error: 0.0185
Train on 3200 samples, validate on 7776 samples
3200/3200 - 1s - loss: 0.0519 - mean_squared_error: 0.0519 - val_loss: 0.0186 - val_mean_squared_error: 0.0186
Train on 3200 samples, validate on 7776 samples
3200/3200 - 1s - loss: 0.0525 - mean_squared_error: 0.0525 - val_loss: 0.0199 - val_mean_squared_error: 0.0199
Train on 3200 samples, validate on 7776 samples
3200/3200 - 1s - loss: 0.0534 - mean_squared_error: 0.0534 - val_loss: 0.0194 - val_mean_squared_error: 0.0194
Train on 3200 samples, validate on 7776 samples
3200/3200 - 1s - loss: 0.0524 - mean_squared_error: 0.0524 - val_loss: 0.0185 - val_mean_squared_error: 0.0185
Train on 3200 samples, validate on 7776 samples
3200/3200 - 1s - loss: 0.0528 - mean_squared_error: 0.0528 - val_loss: 0.0198 - val_mean_squared_error: 0.0198
Train on 3200 samples, validate on 7776 samples
3200/3200 - 1s - loss: 0.0519 - mean_squared_error: 0.0519 - val_loss: 0.0231 - val_mean_squared_error: 0.0231
Train on 3200 samples, validate on 7776 samples
3200/3200 - 1s - loss: 0.0530 - mean_squared_error: 0.0530 - val_loss: 0.0185 - val_mean_squared_error: 0.0185
WARNING:tensorflow:From /home/hh2263/miniconda3/envs/drum-1.15/lib/python3.7/site-packages/tensorflow_core/python/ops/resource_variable_ops.py:1630: calling BaseResourceVariable.__init__ (from tensorflow.python.ops.resource_variable_ops) with constraint is deprecated and will be removed in a future version.
Instructions for updating:
If using Keras pass *_constraint arguments to layers.
2020-03-18 13:58:59.653255: I tensorflow/stream_executor/platform/default/dso_loader.cc:44] Successfully opened dynamic library libcuda.so.1
2020-03-18 13:58:59.684075: I tensorflow/core/common_runtime/gpu/gpu_device.cc:1618] Found device 0 with properties: 
name: Tesla P100-PCIE-16GB major: 6 minor: 0 memoryClockRate(GHz): 1.3285
pciBusID: 0000:04:00.0
2020-03-18 13:58:59.684553: I tensorflow/stream_executor/platform/default/dso_loader.cc:44] Successfully opened dynamic library libcudart.so.10.0
2020-03-18 13:58:59.686420: I tensorflow/stream_executor/platform/default/dso_loader.cc:44] Successfully opened dynamic library libcublas.so.10.0
2020-03-18 13:58:59.687952: I tensorflow/stream_executor/platform/default/dso_loader.cc:44] Successfully opened dynamic library libcufft.so.10.0
2020-03-18 13:58:59.688432: I tensorflow/stream_executor/platform/default/dso_loader.cc:44] Successfully opened dynamic library libcurand.so.10.0
2020-03-18 13:58:59.691117: I tensorflow/stream_executor/platform/default/dso_loader.cc:44] Successfully opened dynamic library libcusolver.so.10.0
2020-03-18 13:58:59.693192: I tensorflow/stream_executor/platform/default/dso_loader.cc:44] Successfully opened dynamic library libcusparse.so.10.0
2020-03-18 13:58:59.699035: I tensorflow/stream_executor/platform/default/dso_loader.cc:44] Successfully opened dynamic library libcudnn.so.7
2020-03-18 13:58:59.703623: I tensorflow/core/common_runtime/gpu/gpu_device.cc:1746] Adding visible gpu devices: 0
2020-03-18 13:58:59.704227: I tensorflow/core/platform/cpu_feature_guard.cc:142] Your CPU supports instructions that this TensorFlow binary was not compiled to use: SSE4.1 SSE4.2 AVX AVX2 FMA
2020-03-18 13:58:59.714692: I tensorflow/core/platform/profile_utils/cpu_utils.cc:94] CPU Frequency: 2599815000 Hz
2020-03-18 13:58:59.714934: I tensorflow/compiler/xla/service/service.cc:168] XLA service 0x2b6bce86ed90 initialized for platform Host (this does not guarantee that XLA will be used). Devices:
2020-03-18 13:58:59.714963: I tensorflow/compiler/xla/service/service.cc:176]   StreamExecutor device (0): Host, Default Version
2020-03-18 13:58:59.717237: I tensorflow/core/common_runtime/gpu/gpu_device.cc:1618] Found device 0 with properties: 
name: Tesla P100-PCIE-16GB major: 6 minor: 0 memoryClockRate(GHz): 1.3285
pciBusID: 0000:04:00.0
2020-03-18 13:58:59.717291: I tensorflow/stream_executor/platform/default/dso_loader.cc:44] Successfully opened dynamic library libcudart.so.10.0
2020-03-18 13:58:59.717334: I tensorflow/stream_executor/platform/default/dso_loader.cc:44] Successfully opened dynamic library libcublas.so.10.0
2020-03-18 13:58:59.717363: I tensorflow/stream_executor/platform/default/dso_loader.cc:44] Successfully opened dynamic library libcufft.so.10.0
2020-03-18 13:58:59.717391: I tensorflow/stream_executor/platform/default/dso_loader.cc:44] Successfully opened dynamic library libcurand.so.10.0
2020-03-18 13:58:59.717418: I tensorflow/stream_executor/platform/default/dso_loader.cc:44] Successfully opened dynamic library libcusolver.so.10.0
2020-03-18 13:58:59.717445: I tensorflow/stream_executor/platform/default/dso_loader.cc:44] Successfully opened dynamic library libcusparse.so.10.0
2020-03-18 13:58:59.717472: I tensorflow/stream_executor/platform/default/dso_loader.cc:44] Successfully opened dynamic library libcudnn.so.7
2020-03-18 13:58:59.721515: I tensorflow/core/common_runtime/gpu/gpu_device.cc:1746] Adding visible gpu devices: 0
2020-03-18 13:58:59.721566: I tensorflow/stream_executor/platform/default/dso_loader.cc:44] Successfully opened dynamic library libcudart.so.10.0
2020-03-18 13:58:59.843964: I tensorflow/core/common_runtime/gpu/gpu_device.cc:1159] Device interconnect StreamExecutor with strength 1 edge matrix:
2020-03-18 13:58:59.844002: I tensorflow/core/common_runtime/gpu/gpu_device.cc:1165]      0 
2020-03-18 13:58:59.844010: I tensorflow/core/common_runtime/gpu/gpu_device.cc:1178] 0:   N 
2020-03-18 13:58:59.849292: I tensorflow/core/common_runtime/gpu/gpu_device.cc:1304] Created TensorFlow device (/job:localhost/replica:0/task:0/device:GPU:0 with 15216 MB memory) -> physical GPU (device: 0, name: Tesla P100-PCIE-16GB, pci bus id: 0000:04:00.0, compute capability: 6.0)
2020-03-18 13:58:59.851006: I tensorflow/compiler/xla/service/service.cc:168] XLA service 0x2b6bcf32d100 initialized for platform CUDA (this does not guarantee that XLA will be used). Devices:
2020-03-18 13:58:59.851021: I tensorflow/compiler/xla/service/service.cc:176]   StreamExecutor device (0): Tesla P100-PCIE-16GB, Compute Capability 6.0
2020-03-18 13:59:01.652435: I tensorflow/stream_executor/platform/default/dso_loader.cc:44] Successfully opened dynamic library libcublas.so.10.0
2020-03-18 13:59:01.872675: I tensorflow/stream_executor/platform/default/dso_loader.cc:44] Successfully opened dynamic library libcudnn.so.7
2020-03-18 13:59:02.815591: W tensorflow/stream_executor/cuda/redzone_allocator.cc:312] Not found: ./bin/ptxas not found
Relying on driver to perform ptx compilation. This message will be only logged once.
Train on 3200 samples, validate on 7776 samples
3200/3200 - 3s - loss: 0.4621 - mean_squared_error: 0.4621 - val_loss: 0.1505 - val_mean_squared_error: 0.1505
Train on 3200 samples, validate on 7776 samples
3200/3200 - 1s - loss: 0.1289 - mean_squared_error: 0.1289 - val_loss: 0.1125 - val_mean_squared_error: 0.1125
Train on 3200 samples, validate on 7776 samples
3200/3200 - 1s - loss: 0.0718 - mean_squared_error: 0.0718 - val_loss: 0.0899 - val_mean_squared_error: 0.0899
Train on 3200 samples, validate on 7776 samples
3200/3200 - 1s - loss: 0.0610 - mean_squared_error: 0.0610 - val_loss: 0.0755 - val_mean_squared_error: 0.0755
Train on 3200 samples, validate on 7776 samples
3200/3200 - 1s - loss: 0.0590 - mean_squared_error: 0.0590 - val_loss: 0.0700 - val_mean_squared_error: 0.0700
Train on 3200 samples, validate on 7776 samples
3200/3200 - 1s - loss: 0.0557 - mean_squared_error: 0.0557 - val_loss: 0.0489 - val_mean_squared_error: 0.0489
Train on 3200 samples, validate on 7776 samples
3200/3200 - 1s - loss: 0.0535 - mean_squared_error: 0.0535 - val_loss: 0.0398 - val_mean_squared_error: 0.0398
Train on 3200 samples, validate on 7776 samples
3200/3200 - 1s - loss: 0.0515 - mean_squared_error: 0.0515 - val_loss: 0.0313 - val_mean_squared_error: 0.0313
Train on 3200 samples, validate on 7776 samples
3200/3200 - 1s - loss: 0.0512 - mean_squared_error: 0.0512 - val_loss: 0.0246 - val_mean_squared_error: 0.0246
Train on 3200 samples, validate on 7776 samples
3200/3200 - 1s - loss: 0.0502 - mean_squared_error: 0.0502 - val_loss: 0.0271 - val_mean_squared_error: 0.0271
Train on 3200 samples, validate on 7776 samples
3200/3200 - 1s - loss: 0.0478 - mean_squared_error: 0.0478 - val_loss: 0.0256 - val_mean_squared_error: 0.0256
Train on 3200 samples, validate on 7776 samples
3200/3200 - 1s - loss: 0.0465 - mean_squared_error: 0.0465 - val_loss: 0.0277 - val_mean_squared_error: 0.0277
Train on 3200 samples, validate on 7776 samples
3200/3200 - 1s - loss: 0.0458 - mean_squared_error: 0.0458 - val_loss: 0.0225 - val_mean_squared_error: 0.0225
Train on 3200 samples, validate on 7776 samples
3200/3200 - 1s - loss: 0.0464 - mean_squared_error: 0.0464 - val_loss: 0.0206 - val_mean_squared_error: 0.0206
Train on 3200 samples, validate on 7776 samples
3200/3200 - 1s - loss: 0.0462 - mean_squared_error: 0.0462 - val_loss: 0.0227 - val_mean_squared_error: 0.0227
Train on 3200 samples, validate on 7776 samples
3200/3200 - 1s - loss: 0.0445 - mean_squared_error: 0.0445 - val_loss: 0.0264 - val_mean_squared_error: 0.0264
Train on 3200 samples, validate on 7776 samples
3200/3200 - 1s - loss: 0.0448 - mean_squared_error: 0.0448 - val_loss: 0.0208 - val_mean_squared_error: 0.0208
Train on 3200 samples, validate on 7776 samples
3200/3200 - 1s - loss: 0.0439 - mean_squared_error: 0.0439 - val_loss: 0.0168 - val_mean_squared_error: 0.0168
Train on 3200 samples, validate on 7776 samples
3200/3200 - 1s - loss: 0.0421 - mean_squared_error: 0.0421 - val_loss: 0.0206 - val_mean_squared_error: 0.0206
Train on 3200 samples, validate on 7776 samples
3200/3200 - 1s - loss: 0.0417 - mean_squared_error: 0.0417 - val_loss: 0.0221 - val_mean_squared_error: 0.0221
Train on 3200 samples, validate on 7776 samples
3200/3200 - 1s - loss: 0.0428 - mean_squared_error: 0.0428 - val_loss: 0.0231 - val_mean_squared_error: 0.0231
Train on 3200 samples, validate on 7776 samples
3200/3200 - 1s - loss: 0.0408 - mean_squared_error: 0.0408 - val_loss: 0.0155 - val_mean_squared_error: 0.0155
Train on 3200 samples, validate on 7776 samples
3200/3200 - 1s - loss: 0.0412 - mean_squared_error: 0.0412 - val_loss: 0.0166 - val_mean_squared_error: 0.0166
Train on 3200 samples, validate on 7776 samples
3200/3200 - 1s - loss: 0.0387 - mean_squared_error: 0.0387 - val_loss: 0.0156 - val_mean_squared_error: 0.0156
Train on 3200 samples, validate on 7776 samples
3200/3200 - 1s - loss: 0.0394 - mean_squared_error: 0.0394 - val_loss: 0.0173 - val_mean_squared_error: 0.0173
Train on 3200 samples, validate on 7776 samples
3200/3200 - 1s - loss: 0.0392 - mean_squared_error: 0.0392 - val_loss: 0.0175 - val_mean_squared_error: 0.0175
Train on 3200 samples, validate on 7776 samples
3200/3200 - 1s - loss: 0.0400 - mean_squared_error: 0.0400 - val_loss: 0.0274 - val_mean_squared_error: 0.0274
Train on 3200 samples, validate on 7776 samples
3200/3200 - 1s - loss: 0.0382 - mean_squared_error: 0.0382 - val_loss: 0.0150 - val_mean_squared_error: 0.0150
Train on 3200 samples, validate on 7776 samples
3200/3200 - 1s - loss: 0.0376 - mean_squared_error: 0.0376 - val_loss: 0.0162 - val_mean_squared_error: 0.0162
Train on 3200 samples, validate on 7776 samples
3200/3200 - 1s - loss: 0.0384 - mean_squared_error: 0.0384 - val_loss: 0.0177 - val_mean_squared_error: 0.0177
WARNING:tensorflow:From /home/hh2263/miniconda3/envs/drum-1.15/lib/python3.7/site-packages/tensorflow_core/python/ops/resource_variable_ops.py:1630: calling BaseResourceVariable.__init__ (from tensorflow.python.ops.resource_variable_ops) with constraint is deprecated and will be removed in a future version.
Instructions for updating:
If using Keras pass *_constraint arguments to layers.
2020-03-18 13:59:31.423168: I tensorflow/stream_executor/platform/default/dso_loader.cc:44] Successfully opened dynamic library libcuda.so.1
2020-03-18 13:59:31.455595: I tensorflow/core/common_runtime/gpu/gpu_device.cc:1618] Found device 0 with properties: 
name: Tesla P100-PCIE-16GB major: 6 minor: 0 memoryClockRate(GHz): 1.3285
pciBusID: 0000:04:00.0
2020-03-18 13:59:31.456055: I tensorflow/stream_executor/platform/default/dso_loader.cc:44] Successfully opened dynamic library libcudart.so.10.0
2020-03-18 13:59:31.457898: I tensorflow/stream_executor/platform/default/dso_loader.cc:44] Successfully opened dynamic library libcublas.so.10.0
2020-03-18 13:59:31.460486: I tensorflow/stream_executor/platform/default/dso_loader.cc:44] Successfully opened dynamic library libcufft.so.10.0
2020-03-18 13:59:31.460987: I tensorflow/stream_executor/platform/default/dso_loader.cc:44] Successfully opened dynamic library libcurand.so.10.0
2020-03-18 13:59:31.463649: I tensorflow/stream_executor/platform/default/dso_loader.cc:44] Successfully opened dynamic library libcusolver.so.10.0
2020-03-18 13:59:31.465766: I tensorflow/stream_executor/platform/default/dso_loader.cc:44] Successfully opened dynamic library libcusparse.so.10.0
2020-03-18 13:59:31.471996: I tensorflow/stream_executor/platform/default/dso_loader.cc:44] Successfully opened dynamic library libcudnn.so.7
2020-03-18 13:59:31.476856: I tensorflow/core/common_runtime/gpu/gpu_device.cc:1746] Adding visible gpu devices: 0
2020-03-18 13:59:31.477573: I tensorflow/core/platform/cpu_feature_guard.cc:142] Your CPU supports instructions that this TensorFlow binary was not compiled to use: SSE4.1 SSE4.2 AVX AVX2 FMA
2020-03-18 13:59:31.488733: I tensorflow/core/platform/profile_utils/cpu_utils.cc:94] CPU Frequency: 2599815000 Hz
2020-03-18 13:59:31.488969: I tensorflow/compiler/xla/service/service.cc:168] XLA service 0x2ad79a006ed0 initialized for platform Host (this does not guarantee that XLA will be used). Devices:
2020-03-18 13:59:31.489001: I tensorflow/compiler/xla/service/service.cc:176]   StreamExecutor device (0): Host, Default Version
2020-03-18 13:59:31.491394: I tensorflow/core/common_runtime/gpu/gpu_device.cc:1618] Found device 0 with properties: 
name: Tesla P100-PCIE-16GB major: 6 minor: 0 memoryClockRate(GHz): 1.3285
pciBusID: 0000:04:00.0
2020-03-18 13:59:31.491450: I tensorflow/stream_executor/platform/default/dso_loader.cc:44] Successfully opened dynamic library libcudart.so.10.0
2020-03-18 13:59:31.491484: I tensorflow/stream_executor/platform/default/dso_loader.cc:44] Successfully opened dynamic library libcublas.so.10.0
2020-03-18 13:59:31.491513: I tensorflow/stream_executor/platform/default/dso_loader.cc:44] Successfully opened dynamic library libcufft.so.10.0
2020-03-18 13:59:31.491541: I tensorflow/stream_executor/platform/default/dso_loader.cc:44] Successfully opened dynamic library libcurand.so.10.0
2020-03-18 13:59:31.491569: I tensorflow/stream_executor/platform/default/dso_loader.cc:44] Successfully opened dynamic library libcusolver.so.10.0
2020-03-18 13:59:31.491596: I tensorflow/stream_executor/platform/default/dso_loader.cc:44] Successfully opened dynamic library libcusparse.so.10.0
2020-03-18 13:59:31.491625: I tensorflow/stream_executor/platform/default/dso_loader.cc:44] Successfully opened dynamic library libcudnn.so.7
2020-03-18 13:59:31.496068: I tensorflow/core/common_runtime/gpu/gpu_device.cc:1746] Adding visible gpu devices: 0
2020-03-18 13:59:31.496124: I tensorflow/stream_executor/platform/default/dso_loader.cc:44] Successfully opened dynamic library libcudart.so.10.0
2020-03-18 13:59:31.623166: I tensorflow/core/common_runtime/gpu/gpu_device.cc:1159] Device interconnect StreamExecutor with strength 1 edge matrix:
2020-03-18 13:59:31.623203: I tensorflow/core/common_runtime/gpu/gpu_device.cc:1165]      0 
2020-03-18 13:59:31.623212: I tensorflow/core/common_runtime/gpu/gpu_device.cc:1178] 0:   N 
2020-03-18 13:59:31.630157: I tensorflow/core/common_runtime/gpu/gpu_device.cc:1304] Created TensorFlow device (/job:localhost/replica:0/task:0/device:GPU:0 with 15216 MB memory) -> physical GPU (device: 0, name: Tesla P100-PCIE-16GB, pci bus id: 0000:04:00.0, compute capability: 6.0)
2020-03-18 13:59:31.631919: I tensorflow/compiler/xla/service/service.cc:168] XLA service 0x2ad79a2db190 initialized for platform CUDA (this does not guarantee that XLA will be used). Devices:
2020-03-18 13:59:31.631935: I tensorflow/compiler/xla/service/service.cc:176]   StreamExecutor device (0): Tesla P100-PCIE-16GB, Compute Capability 6.0
2020-03-18 13:59:33.407523: I tensorflow/stream_executor/platform/default/dso_loader.cc:44] Successfully opened dynamic library libcublas.so.10.0
2020-03-18 13:59:33.627046: I tensorflow/stream_executor/platform/default/dso_loader.cc:44] Successfully opened dynamic library libcudnn.so.7
2020-03-18 13:59:34.623878: W tensorflow/stream_executor/cuda/redzone_allocator.cc:312] Not found: ./bin/ptxas not found
Relying on driver to perform ptx compilation. This message will be only logged once.
Train on 3200 samples, validate on 7776 samples
3200/3200 - 3s - loss: 0.4681 - mean_squared_error: 0.4681 - val_loss: 0.1011 - val_mean_squared_error: 0.1011
Train on 3200 samples, validate on 7776 samples
3200/3200 - 1s - loss: 0.1271 - mean_squared_error: 0.1271 - val_loss: 0.1025 - val_mean_squared_error: 0.1025
Train on 3200 samples, validate on 7776 samples
3200/3200 - 1s - loss: 0.0772 - mean_squared_error: 0.0772 - val_loss: 0.0828 - val_mean_squared_error: 0.0828
Train on 3200 samples, validate on 7776 samples
3200/3200 - 1s - loss: 0.0699 - mean_squared_error: 0.0699 - val_loss: 0.0647 - val_mean_squared_error: 0.0647
Train on 3200 samples, validate on 7776 samples
3200/3200 - 1s - loss: 0.0647 - mean_squared_error: 0.0647 - val_loss: 0.0498 - val_mean_squared_error: 0.0498
Train on 3200 samples, validate on 7776 samples
3200/3200 - 1s - loss: 0.0663 - mean_squared_error: 0.0663 - val_loss: 0.0374 - val_mean_squared_error: 0.0374
Train on 3200 samples, validate on 7776 samples
3200/3200 - 1s - loss: 0.0631 - mean_squared_error: 0.0631 - val_loss: 0.0305 - val_mean_squared_error: 0.0305
Train on 3200 samples, validate on 7776 samples
3200/3200 - 1s - loss: 0.0609 - mean_squared_error: 0.0609 - val_loss: 0.0277 - val_mean_squared_error: 0.0277
Train on 3200 samples, validate on 7776 samples
3200/3200 - 1s - loss: 0.0617 - mean_squared_error: 0.0617 - val_loss: 0.0312 - val_mean_squared_error: 0.0312
Train on 3200 samples, validate on 7776 samples
3200/3200 - 1s - loss: 0.0596 - mean_squared_error: 0.0596 - val_loss: 0.0265 - val_mean_squared_error: 0.0265
Train on 3200 samples, validate on 7776 samples
3200/3200 - 1s - loss: 0.0597 - mean_squared_error: 0.0597 - val_loss: 0.0275 - val_mean_squared_error: 0.0275
Train on 3200 samples, validate on 7776 samples
3200/3200 - 0s - loss: 0.0602 - mean_squared_error: 0.0602 - val_loss: 0.0328 - val_mean_squared_error: 0.0328
Train on 3200 samples, validate on 7776 samples
3200/3200 - 1s - loss: 0.0583 - mean_squared_error: 0.0583 - val_loss: 0.0352 - val_mean_squared_error: 0.0352
Train on 3200 samples, validate on 7776 samples
3200/3200 - 1s - loss: 0.0580 - mean_squared_error: 0.0580 - val_loss: 0.0421 - val_mean_squared_error: 0.0421
Train on 3200 samples, validate on 7776 samples
3200/3200 - 1s - loss: 0.0570 - mean_squared_error: 0.0570 - val_loss: 0.0355 - val_mean_squared_error: 0.0355
Train on 3200 samples, validate on 7776 samples
3200/3200 - 1s - loss: 0.0554 - mean_squared_error: 0.0554 - val_loss: 0.0358 - val_mean_squared_error: 0.0358
Train on 3200 samples, validate on 7776 samples
3200/3200 - 0s - loss: 0.0553 - mean_squared_error: 0.0553 - val_loss: 0.0557 - val_mean_squared_error: 0.0557
Train on 3200 samples, validate on 7776 samples
3200/3200 - 1s - loss: 0.0559 - mean_squared_error: 0.0559 - val_loss: 0.0554 - val_mean_squared_error: 0.0554
Train on 3200 samples, validate on 7776 samples
3200/3200 - 1s - loss: 0.0549 - mean_squared_error: 0.0549 - val_loss: 0.0697 - val_mean_squared_error: 0.0697
Train on 3200 samples, validate on 7776 samples
3200/3200 - 0s - loss: 0.0535 - mean_squared_error: 0.0535 - val_loss: 0.0514 - val_mean_squared_error: 0.0514
Train on 3200 samples, validate on 7776 samples
3200/3200 - 1s - loss: 0.0542 - mean_squared_error: 0.0542 - val_loss: 0.0572 - val_mean_squared_error: 0.0572
Train on 3200 samples, validate on 7776 samples
3200/3200 - 0s - loss: 0.0529 - mean_squared_error: 0.0529 - val_loss: 0.0730 - val_mean_squared_error: 0.0730
Train on 3200 samples, validate on 7776 samples
3200/3200 - 1s - loss: 0.0518 - mean_squared_error: 0.0518 - val_loss: 0.0934 - val_mean_squared_error: 0.0934
Train on 3200 samples, validate on 7776 samples
3200/3200 - 0s - loss: 0.0535 - mean_squared_error: 0.0535 - val_loss: 0.1135 - val_mean_squared_error: 0.1135
Train on 3200 samples, validate on 7776 samples
3200/3200 - 0s - loss: 0.0509 - mean_squared_error: 0.0509 - val_loss: 0.1001 - val_mean_squared_error: 0.1001
Train on 3200 samples, validate on 7776 samples
3200/3200 - 1s - loss: 0.0517 - mean_squared_error: 0.0517 - val_loss: 0.0834 - val_mean_squared_error: 0.0834
Train on 3200 samples, validate on 7776 samples
3200/3200 - 1s - loss: 0.0514 - mean_squared_error: 0.0514 - val_loss: 0.1277 - val_mean_squared_error: 0.1277
Train on 3200 samples, validate on 7776 samples
3200/3200 - 0s - loss: 0.0515 - mean_squared_error: 0.0515 - val_loss: 0.1201 - val_mean_squared_error: 0.1201
Train on 3200 samples, validate on 7776 samples
3200/3200 - 0s - loss: 0.0517 - mean_squared_error: 0.0517 - val_loss: 0.0890 - val_mean_squared_error: 0.0890
Train on 3200 samples, validate on 7776 samples
3200/3200 - 0s - loss: 0.0504 - mean_squared_error: 0.0504 - val_loss: 0.0735 - val_mean_squared_error: 0.0735
WARNING:tensorflow:From /home/hh2263/miniconda3/envs/drum-1.15/lib/python3.7/site-packages/tensorflow_core/python/ops/resource_variable_ops.py:1630: calling BaseResourceVariable.__init__ (from tensorflow.python.ops.resource_variable_ops) with constraint is deprecated and will be removed in a future version.
Instructions for updating:
If using Keras pass *_constraint arguments to layers.
2020-03-18 14:00:01.877330: I tensorflow/stream_executor/platform/default/dso_loader.cc:44] Successfully opened dynamic library libcuda.so.1
2020-03-18 14:00:01.908824: I tensorflow/core/common_runtime/gpu/gpu_device.cc:1618] Found device 0 with properties: 
name: Tesla P100-PCIE-16GB major: 6 minor: 0 memoryClockRate(GHz): 1.3285
pciBusID: 0000:04:00.0
2020-03-18 14:00:01.909406: I tensorflow/stream_executor/platform/default/dso_loader.cc:44] Successfully opened dynamic library libcudart.so.10.0
2020-03-18 14:00:01.911556: I tensorflow/stream_executor/platform/default/dso_loader.cc:44] Successfully opened dynamic library libcublas.so.10.0
2020-03-18 14:00:01.913658: I tensorflow/stream_executor/platform/default/dso_loader.cc:44] Successfully opened dynamic library libcufft.so.10.0
2020-03-18 14:00:01.914111: I tensorflow/stream_executor/platform/default/dso_loader.cc:44] Successfully opened dynamic library libcurand.so.10.0
2020-03-18 14:00:01.917067: I tensorflow/stream_executor/platform/default/dso_loader.cc:44] Successfully opened dynamic library libcusolver.so.10.0
2020-03-18 14:00:01.919423: I tensorflow/stream_executor/platform/default/dso_loader.cc:44] Successfully opened dynamic library libcusparse.so.10.0
2020-03-18 14:00:01.924804: I tensorflow/stream_executor/platform/default/dso_loader.cc:44] Successfully opened dynamic library libcudnn.so.7
2020-03-18 14:00:01.929505: I tensorflow/core/common_runtime/gpu/gpu_device.cc:1746] Adding visible gpu devices: 0
2020-03-18 14:00:01.930095: I tensorflow/core/platform/cpu_feature_guard.cc:142] Your CPU supports instructions that this TensorFlow binary was not compiled to use: SSE4.1 SSE4.2 AVX AVX2 FMA
2020-03-18 14:00:01.939792: I tensorflow/core/platform/profile_utils/cpu_utils.cc:94] CPU Frequency: 2599815000 Hz
2020-03-18 14:00:01.940023: I tensorflow/compiler/xla/service/service.cc:168] XLA service 0x2ab48c3f3720 initialized for platform Host (this does not guarantee that XLA will be used). Devices:
2020-03-18 14:00:01.940053: I tensorflow/compiler/xla/service/service.cc:176]   StreamExecutor device (0): Host, Default Version
2020-03-18 14:00:01.942169: I tensorflow/core/common_runtime/gpu/gpu_device.cc:1618] Found device 0 with properties: 
name: Tesla P100-PCIE-16GB major: 6 minor: 0 memoryClockRate(GHz): 1.3285
pciBusID: 0000:04:00.0
2020-03-18 14:00:01.942217: I tensorflow/stream_executor/platform/default/dso_loader.cc:44] Successfully opened dynamic library libcudart.so.10.0
2020-03-18 14:00:01.942248: I tensorflow/stream_executor/platform/default/dso_loader.cc:44] Successfully opened dynamic library libcublas.so.10.0
2020-03-18 14:00:01.942273: I tensorflow/stream_executor/platform/default/dso_loader.cc:44] Successfully opened dynamic library libcufft.so.10.0
2020-03-18 14:00:01.942298: I tensorflow/stream_executor/platform/default/dso_loader.cc:44] Successfully opened dynamic library libcurand.so.10.0
2020-03-18 14:00:01.942330: I tensorflow/stream_executor/platform/default/dso_loader.cc:44] Successfully opened dynamic library libcusolver.so.10.0
2020-03-18 14:00:01.942356: I tensorflow/stream_executor/platform/default/dso_loader.cc:44] Successfully opened dynamic library libcusparse.so.10.0
2020-03-18 14:00:01.942382: I tensorflow/stream_executor/platform/default/dso_loader.cc:44] Successfully opened dynamic library libcudnn.so.7
2020-03-18 14:00:01.946751: I tensorflow/core/common_runtime/gpu/gpu_device.cc:1746] Adding visible gpu devices: 0
2020-03-18 14:00:01.946802: I tensorflow/stream_executor/platform/default/dso_loader.cc:44] Successfully opened dynamic library libcudart.so.10.0
2020-03-18 14:00:02.069702: I tensorflow/core/common_runtime/gpu/gpu_device.cc:1159] Device interconnect StreamExecutor with strength 1 edge matrix:
2020-03-18 14:00:02.069741: I tensorflow/core/common_runtime/gpu/gpu_device.cc:1165]      0 
2020-03-18 14:00:02.069750: I tensorflow/core/common_runtime/gpu/gpu_device.cc:1178] 0:   N 
2020-03-18 14:00:02.074571: I tensorflow/core/common_runtime/gpu/gpu_device.cc:1304] Created TensorFlow device (/job:localhost/replica:0/task:0/device:GPU:0 with 15216 MB memory) -> physical GPU (device: 0, name: Tesla P100-PCIE-16GB, pci bus id: 0000:04:00.0, compute capability: 6.0)
2020-03-18 14:00:02.076381: I tensorflow/compiler/xla/service/service.cc:168] XLA service 0x2ab48bd09c20 initialized for platform CUDA (this does not guarantee that XLA will be used). Devices:
2020-03-18 14:00:02.076398: I tensorflow/compiler/xla/service/service.cc:176]   StreamExecutor device (0): Tesla P100-PCIE-16GB, Compute Capability 6.0
2020-03-18 14:00:03.844828: I tensorflow/stream_executor/platform/default/dso_loader.cc:44] Successfully opened dynamic library libcublas.so.10.0
2020-03-18 14:00:04.065451: I tensorflow/stream_executor/platform/default/dso_loader.cc:44] Successfully opened dynamic library libcudnn.so.7
2020-03-18 14:00:05.053508: W tensorflow/stream_executor/cuda/redzone_allocator.cc:312] Not found: ./bin/ptxas not found
Relying on driver to perform ptx compilation. This message will be only logged once.
Train on 3200 samples, validate on 7776 samples
3200/3200 - 3s - loss: 0.4414 - mean_squared_error: 0.4414 - val_loss: 0.1118 - val_mean_squared_error: 0.1118
Train on 3200 samples, validate on 7776 samples
3200/3200 - 1s - loss: 0.1191 - mean_squared_error: 0.1191 - val_loss: 0.0612 - val_mean_squared_error: 0.0612
Train on 3200 samples, validate on 7776 samples
3200/3200 - 1s - loss: 0.0771 - mean_squared_error: 0.0771 - val_loss: 0.0679 - val_mean_squared_error: 0.0679
Train on 3200 samples, validate on 7776 samples
3200/3200 - 1s - loss: 0.0661 - mean_squared_error: 0.0661 - val_loss: 0.0742 - val_mean_squared_error: 0.0742
Train on 3200 samples, validate on 7776 samples
3200/3200 - 1s - loss: 0.0632 - mean_squared_error: 0.0632 - val_loss: 0.0638 - val_mean_squared_error: 0.0638
Train on 3200 samples, validate on 7776 samples
3200/3200 - 1s - loss: 0.0591 - mean_squared_error: 0.0591 - val_loss: 0.0553 - val_mean_squared_error: 0.0553
Train on 3200 samples, validate on 7776 samples
3200/3200 - 1s - loss: 0.0588 - mean_squared_error: 0.0588 - val_loss: 0.0449 - val_mean_squared_error: 0.0449
Train on 3200 samples, validate on 7776 samples
3200/3200 - 1s - loss: 0.0583 - mean_squared_error: 0.0583 - val_loss: 0.0371 - val_mean_squared_error: 0.0371
Train on 3200 samples, validate on 7776 samples
3200/3200 - 1s - loss: 0.0564 - mean_squared_error: 0.0564 - val_loss: 0.0258 - val_mean_squared_error: 0.0258
Train on 3200 samples, validate on 7776 samples
3200/3200 - 1s - loss: 0.0545 - mean_squared_error: 0.0545 - val_loss: 0.0262 - val_mean_squared_error: 0.0262
Train on 3200 samples, validate on 7776 samples
3200/3200 - 1s - loss: 0.0524 - mean_squared_error: 0.0524 - val_loss: 0.0229 - val_mean_squared_error: 0.0229
Train on 3200 samples, validate on 7776 samples
3200/3200 - 1s - loss: 0.0519 - mean_squared_error: 0.0519 - val_loss: 0.0197 - val_mean_squared_error: 0.0197
Train on 3200 samples, validate on 7776 samples
3200/3200 - 1s - loss: 0.0500 - mean_squared_error: 0.0500 - val_loss: 0.0192 - val_mean_squared_error: 0.0192
Train on 3200 samples, validate on 7776 samples
3200/3200 - 1s - loss: 0.0497 - mean_squared_error: 0.0497 - val_loss: 0.0192 - val_mean_squared_error: 0.0192
Train on 3200 samples, validate on 7776 samples
3200/3200 - 1s - loss: 0.0480 - mean_squared_error: 0.0480 - val_loss: 0.0186 - val_mean_squared_error: 0.0186
Train on 3200 samples, validate on 7776 samples
3200/3200 - 1s - loss: 0.0481 - mean_squared_error: 0.0481 - val_loss: 0.0211 - val_mean_squared_error: 0.0211
Train on 3200 samples, validate on 7776 samples
3200/3200 - 1s - loss: 0.0467 - mean_squared_error: 0.0467 - val_loss: 0.0222 - val_mean_squared_error: 0.0222
Train on 3200 samples, validate on 7776 samples
3200/3200 - 1s - loss: 0.0478 - mean_squared_error: 0.0478 - val_loss: 0.0240 - val_mean_squared_error: 0.0240
Train on 3200 samples, validate on 7776 samples
3200/3200 - 1s - loss: 0.0470 - mean_squared_error: 0.0470 - val_loss: 0.0277 - val_mean_squared_error: 0.0277
Train on 3200 samples, validate on 7776 samples
3200/3200 - 1s - loss: 0.0450 - mean_squared_error: 0.0450 - val_loss: 0.0229 - val_mean_squared_error: 0.0229
Train on 3200 samples, validate on 7776 samples
3200/3200 - 1s - loss: 0.0454 - mean_squared_error: 0.0454 - val_loss: 0.0201 - val_mean_squared_error: 0.0201
Train on 3200 samples, validate on 7776 samples
3200/3200 - 1s - loss: 0.0446 - mean_squared_error: 0.0446 - val_loss: 0.0228 - val_mean_squared_error: 0.0228
Train on 3200 samples, validate on 7776 samples
3200/3200 - 1s - loss: 0.0433 - mean_squared_error: 0.0433 - val_loss: 0.0217 - val_mean_squared_error: 0.0217
Train on 3200 samples, validate on 7776 samples
3200/3200 - 1s - loss: 0.0431 - mean_squared_error: 0.0431 - val_loss: 0.0252 - val_mean_squared_error: 0.0252
Train on 3200 samples, validate on 7776 samples
3200/3200 - 1s - loss: 0.0430 - mean_squared_error: 0.0430 - val_loss: 0.0255 - val_mean_squared_error: 0.0255
Train on 3200 samples, validate on 7776 samples
3200/3200 - 1s - loss: 0.0419 - mean_squared_error: 0.0419 - val_loss: 0.0193 - val_mean_squared_error: 0.0193
Train on 3200 samples, validate on 7776 samples
3200/3200 - 1s - loss: 0.0416 - mean_squared_error: 0.0416 - val_loss: 0.0203 - val_mean_squared_error: 0.0203
Train on 3200 samples, validate on 7776 samples
3200/3200 - 1s - loss: 0.0412 - mean_squared_error: 0.0412 - val_loss: 0.0161 - val_mean_squared_error: 0.0161
Train on 3200 samples, validate on 7776 samples
3200/3200 - 1s - loss: 0.0393 - mean_squared_error: 0.0393 - val_loss: 0.0224 - val_mean_squared_error: 0.0224
Train on 3200 samples, validate on 7776 samples
3200/3200 - 1s - loss: 0.0403 - mean_squared_error: 0.0403 - val_loss: 0.0198 - val_mean_squared_error: 0.0198
WARNING:tensorflow:From /home/hh2263/miniconda3/envs/drum-1.15/lib/python3.7/site-packages/tensorflow_core/python/ops/resource_variable_ops.py:1630: calling BaseResourceVariable.__init__ (from tensorflow.python.ops.resource_variable_ops) with constraint is deprecated and will be removed in a future version.
Instructions for updating:
If using Keras pass *_constraint arguments to layers.
2020-03-18 14:00:29.141545: I tensorflow/stream_executor/platform/default/dso_loader.cc:44] Successfully opened dynamic library libcuda.so.1
2020-03-18 14:00:29.172085: I tensorflow/core/common_runtime/gpu/gpu_device.cc:1618] Found device 0 with properties: 
name: Tesla P100-PCIE-16GB major: 6 minor: 0 memoryClockRate(GHz): 1.3285
pciBusID: 0000:04:00.0
2020-03-18 14:00:29.172507: I tensorflow/stream_executor/platform/default/dso_loader.cc:44] Successfully opened dynamic library libcudart.so.10.0
2020-03-18 14:00:29.174695: I tensorflow/stream_executor/platform/default/dso_loader.cc:44] Successfully opened dynamic library libcublas.so.10.0
2020-03-18 14:00:29.176254: I tensorflow/stream_executor/platform/default/dso_loader.cc:44] Successfully opened dynamic library libcufft.so.10.0
2020-03-18 14:00:29.176658: I tensorflow/stream_executor/platform/default/dso_loader.cc:44] Successfully opened dynamic library libcurand.so.10.0
2020-03-18 14:00:29.179224: I tensorflow/stream_executor/platform/default/dso_loader.cc:44] Successfully opened dynamic library libcusolver.so.10.0
2020-03-18 14:00:29.181042: I tensorflow/stream_executor/platform/default/dso_loader.cc:44] Successfully opened dynamic library libcusparse.so.10.0
2020-03-18 14:00:29.186826: I tensorflow/stream_executor/platform/default/dso_loader.cc:44] Successfully opened dynamic library libcudnn.so.7
2020-03-18 14:00:29.191366: I tensorflow/core/common_runtime/gpu/gpu_device.cc:1746] Adding visible gpu devices: 0
2020-03-18 14:00:29.191912: I tensorflow/core/platform/cpu_feature_guard.cc:142] Your CPU supports instructions that this TensorFlow binary was not compiled to use: SSE4.1 SSE4.2 AVX AVX2 FMA
2020-03-18 14:00:29.202342: I tensorflow/core/platform/profile_utils/cpu_utils.cc:94] CPU Frequency: 2599815000 Hz
2020-03-18 14:00:29.202568: I tensorflow/compiler/xla/service/service.cc:168] XLA service 0x2ad90fa2ba70 initialized for platform Host (this does not guarantee that XLA will be used). Devices:
2020-03-18 14:00:29.202598: I tensorflow/compiler/xla/service/service.cc:176]   StreamExecutor device (0): Host, Default Version
2020-03-18 14:00:29.204893: I tensorflow/core/common_runtime/gpu/gpu_device.cc:1618] Found device 0 with properties: 
name: Tesla P100-PCIE-16GB major: 6 minor: 0 memoryClockRate(GHz): 1.3285
pciBusID: 0000:04:00.0
2020-03-18 14:00:29.204945: I tensorflow/stream_executor/platform/default/dso_loader.cc:44] Successfully opened dynamic library libcudart.so.10.0
2020-03-18 14:00:29.204977: I tensorflow/stream_executor/platform/default/dso_loader.cc:44] Successfully opened dynamic library libcublas.so.10.0
2020-03-18 14:00:29.205003: I tensorflow/stream_executor/platform/default/dso_loader.cc:44] Successfully opened dynamic library libcufft.so.10.0
2020-03-18 14:00:29.205030: I tensorflow/stream_executor/platform/default/dso_loader.cc:44] Successfully opened dynamic library libcurand.so.10.0
2020-03-18 14:00:29.205056: I tensorflow/stream_executor/platform/default/dso_loader.cc:44] Successfully opened dynamic library libcusolver.so.10.0
2020-03-18 14:00:29.205082: I tensorflow/stream_executor/platform/default/dso_loader.cc:44] Successfully opened dynamic library libcusparse.so.10.0
2020-03-18 14:00:29.205109: I tensorflow/stream_executor/platform/default/dso_loader.cc:44] Successfully opened dynamic library libcudnn.so.7
2020-03-18 14:00:29.209115: I tensorflow/core/common_runtime/gpu/gpu_device.cc:1746] Adding visible gpu devices: 0
2020-03-18 14:00:29.209167: I tensorflow/stream_executor/platform/default/dso_loader.cc:44] Successfully opened dynamic library libcudart.so.10.0
2020-03-18 14:00:29.332658: I tensorflow/core/common_runtime/gpu/gpu_device.cc:1159] Device interconnect StreamExecutor with strength 1 edge matrix:
2020-03-18 14:00:29.332695: I tensorflow/core/common_runtime/gpu/gpu_device.cc:1165]      0 
2020-03-18 14:00:29.332703: I tensorflow/core/common_runtime/gpu/gpu_device.cc:1178] 0:   N 
2020-03-18 14:00:29.337439: I tensorflow/core/common_runtime/gpu/gpu_device.cc:1304] Created TensorFlow device (/job:localhost/replica:0/task:0/device:GPU:0 with 15216 MB memory) -> physical GPU (device: 0, name: Tesla P100-PCIE-16GB, pci bus id: 0000:04:00.0, compute capability: 6.0)
2020-03-18 14:00:29.339177: I tensorflow/compiler/xla/service/service.cc:168] XLA service 0x2ad9086afb10 initialized for platform CUDA (this does not guarantee that XLA will be used). Devices:
2020-03-18 14:00:29.339193: I tensorflow/compiler/xla/service/service.cc:176]   StreamExecutor device (0): Tesla P100-PCIE-16GB, Compute Capability 6.0
2020-03-18 14:00:31.079752: I tensorflow/stream_executor/platform/default/dso_loader.cc:44] Successfully opened dynamic library libcublas.so.10.0
2020-03-18 14:00:31.300674: I tensorflow/stream_executor/platform/default/dso_loader.cc:44] Successfully opened dynamic library libcudnn.so.7
2020-03-18 14:00:32.288819: W tensorflow/stream_executor/cuda/redzone_allocator.cc:312] Not found: ./bin/ptxas not found
Relying on driver to perform ptx compilation. This message will be only logged once.
Train on 3200 samples, validate on 7776 samples
3200/3200 - 2s - loss: 0.4365 - mean_squared_error: 0.4365 - val_loss: 0.1220 - val_mean_squared_error: 0.1220
Train on 3200 samples, validate on 7776 samples
3200/3200 - 1s - loss: 0.1157 - mean_squared_error: 0.1157 - val_loss: 0.0635 - val_mean_squared_error: 0.0635
Train on 3200 samples, validate on 7776 samples
3200/3200 - 1s - loss: 0.0774 - mean_squared_error: 0.0774 - val_loss: 0.0417 - val_mean_squared_error: 0.0417
Train on 3200 samples, validate on 7776 samples
3200/3200 - 0s - loss: 0.0681 - mean_squared_error: 0.0681 - val_loss: 0.0420 - val_mean_squared_error: 0.0420
Train on 3200 samples, validate on 7776 samples
3200/3200 - 0s - loss: 0.0658 - mean_squared_error: 0.0658 - val_loss: 0.0417 - val_mean_squared_error: 0.0417
Train on 3200 samples, validate on 7776 samples
3200/3200 - 1s - loss: 0.0640 - mean_squared_error: 0.0640 - val_loss: 0.0345 - val_mean_squared_error: 0.0345
Train on 3200 samples, validate on 7776 samples
3200/3200 - 1s - loss: 0.0622 - mean_squared_error: 0.0622 - val_loss: 0.0350 - val_mean_squared_error: 0.0350
Train on 3200 samples, validate on 7776 samples
3200/3200 - 0s - loss: 0.0601 - mean_squared_error: 0.0601 - val_loss: 0.0319 - val_mean_squared_error: 0.0319
Train on 3200 samples, validate on 7776 samples
3200/3200 - 1s - loss: 0.0598 - mean_squared_error: 0.0598 - val_loss: 0.0290 - val_mean_squared_error: 0.0290
Train on 3200 samples, validate on 7776 samples
3200/3200 - 1s - loss: 0.0599 - mean_squared_error: 0.0599 - val_loss: 0.0263 - val_mean_squared_error: 0.0263
Train on 3200 samples, validate on 7776 samples
3200/3200 - 1s - loss: 0.0575 - mean_squared_error: 0.0575 - val_loss: 0.0231 - val_mean_squared_error: 0.0231
Train on 3200 samples, validate on 7776 samples
3200/3200 - 1s - loss: 0.0567 - mean_squared_error: 0.0567 - val_loss: 0.0233 - val_mean_squared_error: 0.0233
Train on 3200 samples, validate on 7776 samples
3200/3200 - 1s - loss: 0.0541 - mean_squared_error: 0.0541 - val_loss: 0.0207 - val_mean_squared_error: 0.0207
Train on 3200 samples, validate on 7776 samples
3200/3200 - 1s - loss: 0.0543 - mean_squared_error: 0.0543 - val_loss: 0.0215 - val_mean_squared_error: 0.0215
Train on 3200 samples, validate on 7776 samples
3200/3200 - 0s - loss: 0.0541 - mean_squared_error: 0.0541 - val_loss: 0.0206 - val_mean_squared_error: 0.0206
Train on 3200 samples, validate on 7776 samples
3200/3200 - 1s - loss: 0.0553 - mean_squared_error: 0.0553 - val_loss: 0.0212 - val_mean_squared_error: 0.0212
Train on 3200 samples, validate on 7776 samples
3200/3200 - 0s - loss: 0.0528 - mean_squared_error: 0.0528 - val_loss: 0.0207 - val_mean_squared_error: 0.0207
Train on 3200 samples, validate on 7776 samples
3200/3200 - 0s - loss: 0.0523 - mean_squared_error: 0.0523 - val_loss: 0.0234 - val_mean_squared_error: 0.0234
Train on 3200 samples, validate on 7776 samples
3200/3200 - 0s - loss: 0.0521 - mean_squared_error: 0.0521 - val_loss: 0.0242 - val_mean_squared_error: 0.0242
Train on 3200 samples, validate on 7776 samples
3200/3200 - 0s - loss: 0.0525 - mean_squared_error: 0.0525 - val_loss: 0.0202 - val_mean_squared_error: 0.0202
Train on 3200 samples, validate on 7776 samples
3200/3200 - 0s - loss: 0.0524 - mean_squared_error: 0.0524 - val_loss: 0.0213 - val_mean_squared_error: 0.0213
Train on 3200 samples, validate on 7776 samples
3200/3200 - 0s - loss: 0.0516 - mean_squared_error: 0.0516 - val_loss: 0.0248 - val_mean_squared_error: 0.0248
Train on 3200 samples, validate on 7776 samples
3200/3200 - 0s - loss: 0.0505 - mean_squared_error: 0.0505 - val_loss: 0.0209 - val_mean_squared_error: 0.0209
Train on 3200 samples, validate on 7776 samples
3200/3200 - 0s - loss: 0.0502 - mean_squared_error: 0.0502 - val_loss: 0.0200 - val_mean_squared_error: 0.0200
Train on 3200 samples, validate on 7776 samples
3200/3200 - 0s - loss: 0.0499 - mean_squared_error: 0.0499 - val_loss: 0.0201 - val_mean_squared_error: 0.0201
Train on 3200 samples, validate on 7776 samples
3200/3200 - 0s - loss: 0.0491 - mean_squared_error: 0.0491 - val_loss: 0.0208 - val_mean_squared_error: 0.0208
Train on 3200 samples, validate on 7776 samples
3200/3200 - 0s - loss: 0.0492 - mean_squared_error: 0.0492 - val_loss: 0.0193 - val_mean_squared_error: 0.0193
Train on 3200 samples, validate on 7776 samples
3200/3200 - 1s - loss: 0.0500 - mean_squared_error: 0.0500 - val_loss: 0.0191 - val_mean_squared_error: 0.0191
Train on 3200 samples, validate on 7776 samples
3200/3200 - 0s - loss: 0.0482 - mean_squared_error: 0.0482 - val_loss: 0.0198 - val_mean_squared_error: 0.0198
Train on 3200 samples, validate on 7776 samples
3200/3200 - 0s - loss: 0.0478 - mean_squared_error: 0.0478 - val_loss: 0.0198 - val_mean_squared_error: 0.0198
WARNING:tensorflow:From /home/hh2263/miniconda3/envs/drum-1.15/lib/python3.7/site-packages/tensorflow_core/python/ops/resource_variable_ops.py:1630: calling BaseResourceVariable.__init__ (from tensorflow.python.ops.resource_variable_ops) with constraint is deprecated and will be removed in a future version.
Instructions for updating:
If using Keras pass *_constraint arguments to layers.
2020-03-18 14:00:57.399794: I tensorflow/stream_executor/platform/default/dso_loader.cc:44] Successfully opened dynamic library libcuda.so.1
2020-03-18 14:00:57.430437: I tensorflow/core/common_runtime/gpu/gpu_device.cc:1618] Found device 0 with properties: 
name: Tesla P100-PCIE-16GB major: 6 minor: 0 memoryClockRate(GHz): 1.3285
pciBusID: 0000:04:00.0
2020-03-18 14:00:57.431036: I tensorflow/stream_executor/platform/default/dso_loader.cc:44] Successfully opened dynamic library libcudart.so.10.0
2020-03-18 14:00:57.433517: I tensorflow/stream_executor/platform/default/dso_loader.cc:44] Successfully opened dynamic library libcublas.so.10.0
2020-03-18 14:00:57.435037: I tensorflow/stream_executor/platform/default/dso_loader.cc:44] Successfully opened dynamic library libcufft.so.10.0
2020-03-18 14:00:57.435511: I tensorflow/stream_executor/platform/default/dso_loader.cc:44] Successfully opened dynamic library libcurand.so.10.0
2020-03-18 14:00:57.438457: I tensorflow/stream_executor/platform/default/dso_loader.cc:44] Successfully opened dynamic library libcusolver.so.10.0
2020-03-18 14:00:57.440824: I tensorflow/stream_executor/platform/default/dso_loader.cc:44] Successfully opened dynamic library libcusparse.so.10.0
2020-03-18 14:00:57.446660: I tensorflow/stream_executor/platform/default/dso_loader.cc:44] Successfully opened dynamic library libcudnn.so.7
2020-03-18 14:00:57.451217: I tensorflow/core/common_runtime/gpu/gpu_device.cc:1746] Adding visible gpu devices: 0
2020-03-18 14:00:57.451762: I tensorflow/core/platform/cpu_feature_guard.cc:142] Your CPU supports instructions that this TensorFlow binary was not compiled to use: SSE4.1 SSE4.2 AVX AVX2 FMA
2020-03-18 14:00:57.462052: I tensorflow/core/platform/profile_utils/cpu_utils.cc:94] CPU Frequency: 2599815000 Hz
2020-03-18 14:00:57.462296: I tensorflow/compiler/xla/service/service.cc:168] XLA service 0x2b1a1b12d720 initialized for platform Host (this does not guarantee that XLA will be used). Devices:
2020-03-18 14:00:57.462333: I tensorflow/compiler/xla/service/service.cc:176]   StreamExecutor device (0): Host, Default Version
2020-03-18 14:00:57.464625: I tensorflow/core/common_runtime/gpu/gpu_device.cc:1618] Found device 0 with properties: 
name: Tesla P100-PCIE-16GB major: 6 minor: 0 memoryClockRate(GHz): 1.3285
pciBusID: 0000:04:00.0
2020-03-18 14:00:57.464673: I tensorflow/stream_executor/platform/default/dso_loader.cc:44] Successfully opened dynamic library libcudart.so.10.0
2020-03-18 14:00:57.464703: I tensorflow/stream_executor/platform/default/dso_loader.cc:44] Successfully opened dynamic library libcublas.so.10.0
2020-03-18 14:00:57.464729: I tensorflow/stream_executor/platform/default/dso_loader.cc:44] Successfully opened dynamic library libcufft.so.10.0
2020-03-18 14:00:57.464755: I tensorflow/stream_executor/platform/default/dso_loader.cc:44] Successfully opened dynamic library libcurand.so.10.0
2020-03-18 14:00:57.464780: I tensorflow/stream_executor/platform/default/dso_loader.cc:44] Successfully opened dynamic library libcusolver.so.10.0
2020-03-18 14:00:57.464806: I tensorflow/stream_executor/platform/default/dso_loader.cc:44] Successfully opened dynamic library libcusparse.so.10.0
2020-03-18 14:00:57.464832: I tensorflow/stream_executor/platform/default/dso_loader.cc:44] Successfully opened dynamic library libcudnn.so.7
2020-03-18 14:00:57.468854: I tensorflow/core/common_runtime/gpu/gpu_device.cc:1746] Adding visible gpu devices: 0
2020-03-18 14:00:57.468904: I tensorflow/stream_executor/platform/default/dso_loader.cc:44] Successfully opened dynamic library libcudart.so.10.0
2020-03-18 14:00:57.602229: I tensorflow/core/common_runtime/gpu/gpu_device.cc:1159] Device interconnect StreamExecutor with strength 1 edge matrix:
2020-03-18 14:00:57.602268: I tensorflow/core/common_runtime/gpu/gpu_device.cc:1165]      0 
2020-03-18 14:00:57.602277: I tensorflow/core/common_runtime/gpu/gpu_device.cc:1178] 0:   N 
2020-03-18 14:00:57.606993: I tensorflow/core/common_runtime/gpu/gpu_device.cc:1304] Created TensorFlow device (/job:localhost/replica:0/task:0/device:GPU:0 with 15216 MB memory) -> physical GPU (device: 0, name: Tesla P100-PCIE-16GB, pci bus id: 0000:04:00.0, compute capability: 6.0)
2020-03-18 14:00:57.608759: I tensorflow/compiler/xla/service/service.cc:168] XLA service 0x2b1a1c00b140 initialized for platform CUDA (this does not guarantee that XLA will be used). Devices:
2020-03-18 14:00:57.608774: I tensorflow/compiler/xla/service/service.cc:176]   StreamExecutor device (0): Tesla P100-PCIE-16GB, Compute Capability 6.0
2020-03-18 14:00:59.287307: I tensorflow/stream_executor/platform/default/dso_loader.cc:44] Successfully opened dynamic library libcublas.so.10.0
2020-03-18 14:00:59.508329: I tensorflow/stream_executor/platform/default/dso_loader.cc:44] Successfully opened dynamic library libcudnn.so.7
2020-03-18 14:01:00.508509: W tensorflow/stream_executor/cuda/redzone_allocator.cc:312] Not found: ./bin/ptxas not found
Relying on driver to perform ptx compilation. This message will be only logged once.
Train on 3200 samples, validate on 7776 samples
3200/3200 - 2s - loss: 0.4746 - mean_squared_error: 0.4746 - val_loss: 0.0901 - val_mean_squared_error: 0.0901
Train on 3200 samples, validate on 7776 samples
3200/3200 - 1s - loss: 0.1220 - mean_squared_error: 0.1220 - val_loss: 0.0587 - val_mean_squared_error: 0.0587
Train on 3200 samples, validate on 7776 samples
3200/3200 - 0s - loss: 0.0734 - mean_squared_error: 0.0734 - val_loss: 0.0873 - val_mean_squared_error: 0.0873
Train on 3200 samples, validate on 7776 samples
3200/3200 - 0s - loss: 0.0629 - mean_squared_error: 0.0629 - val_loss: 0.1135 - val_mean_squared_error: 0.1135
Train on 3200 samples, validate on 7776 samples
3200/3200 - 0s - loss: 0.0575 - mean_squared_error: 0.0575 - val_loss: 0.0982 - val_mean_squared_error: 0.0982
Train on 3200 samples, validate on 7776 samples
3200/3200 - 0s - loss: 0.0562 - mean_squared_error: 0.0562 - val_loss: 0.0806 - val_mean_squared_error: 0.0806
Train on 3200 samples, validate on 7776 samples
3200/3200 - 0s - loss: 0.0545 - mean_squared_error: 0.0545 - val_loss: 0.0603 - val_mean_squared_error: 0.0603
Train on 3200 samples, validate on 7776 samples
3200/3200 - 0s - loss: 0.0521 - mean_squared_error: 0.0521 - val_loss: 0.0403 - val_mean_squared_error: 0.0403
Train on 3200 samples, validate on 7776 samples
3200/3200 - 1s - loss: 0.0514 - mean_squared_error: 0.0514 - val_loss: 0.0319 - val_mean_squared_error: 0.0319
Train on 3200 samples, validate on 7776 samples
3200/3200 - 1s - loss: 0.0482 - mean_squared_error: 0.0482 - val_loss: 0.0310 - val_mean_squared_error: 0.0310
Train on 3200 samples, validate on 7776 samples
3200/3200 - 1s - loss: 0.0491 - mean_squared_error: 0.0491 - val_loss: 0.0184 - val_mean_squared_error: 0.0184
Train on 3200 samples, validate on 7776 samples
3200/3200 - 0s - loss: 0.0472 - mean_squared_error: 0.0472 - val_loss: 0.0232 - val_mean_squared_error: 0.0232
Train on 3200 samples, validate on 7776 samples
3200/3200 - 0s - loss: 0.0469 - mean_squared_error: 0.0469 - val_loss: 0.0215 - val_mean_squared_error: 0.0215
Train on 3200 samples, validate on 7776 samples
3200/3200 - 0s - loss: 0.0446 - mean_squared_error: 0.0446 - val_loss: 0.0193 - val_mean_squared_error: 0.0193
Train on 3200 samples, validate on 7776 samples
3200/3200 - 0s - loss: 0.0421 - mean_squared_error: 0.0421 - val_loss: 0.0234 - val_mean_squared_error: 0.0234
Train on 3200 samples, validate on 7776 samples
3200/3200 - 0s - loss: 0.0429 - mean_squared_error: 0.0429 - val_loss: 0.0182 - val_mean_squared_error: 0.0182
Train on 3200 samples, validate on 7776 samples
3200/3200 - 0s - loss: 0.0431 - mean_squared_error: 0.0431 - val_loss: 0.0231 - val_mean_squared_error: 0.0231
Train on 3200 samples, validate on 7776 samples
3200/3200 - 0s - loss: 0.0417 - mean_squared_error: 0.0417 - val_loss: 0.0163 - val_mean_squared_error: 0.0163
Train on 3200 samples, validate on 7776 samples
3200/3200 - 0s - loss: 0.0406 - mean_squared_error: 0.0406 - val_loss: 0.0222 - val_mean_squared_error: 0.0222
Train on 3200 samples, validate on 7776 samples
3200/3200 - 0s - loss: 0.0421 - mean_squared_error: 0.0421 - val_loss: 0.0257 - val_mean_squared_error: 0.0257
Train on 3200 samples, validate on 7776 samples
3200/3200 - 0s - loss: 0.0405 - mean_squared_error: 0.0405 - val_loss: 0.0197 - val_mean_squared_error: 0.0197
Train on 3200 samples, validate on 7776 samples
3200/3200 - 0s - loss: 0.0395 - mean_squared_error: 0.0395 - val_loss: 0.0330 - val_mean_squared_error: 0.0330
Train on 3200 samples, validate on 7776 samples
3200/3200 - 0s - loss: 0.0400 - mean_squared_error: 0.0400 - val_loss: 0.0198 - val_mean_squared_error: 0.0198
Train on 3200 samples, validate on 7776 samples
3200/3200 - 0s - loss: 0.0388 - mean_squared_error: 0.0388 - val_loss: 0.0244 - val_mean_squared_error: 0.0244
Train on 3200 samples, validate on 7776 samples
3200/3200 - 0s - loss: 0.0388 - mean_squared_error: 0.0388 - val_loss: 0.0238 - val_mean_squared_error: 0.0238
Train on 3200 samples, validate on 7776 samples
3200/3200 - 0s - loss: 0.0377 - mean_squared_error: 0.0377 - val_loss: 0.0186 - val_mean_squared_error: 0.0186
Train on 3200 samples, validate on 7776 samples
3200/3200 - 0s - loss: 0.0375 - mean_squared_error: 0.0375 - val_loss: 0.0141 - val_mean_squared_error: 0.0141
Train on 3200 samples, validate on 7776 samples
3200/3200 - 0s - loss: 0.0373 - mean_squared_error: 0.0373 - val_loss: 0.0157 - val_mean_squared_error: 0.0157
Train on 3200 samples, validate on 7776 samples
3200/3200 - 0s - loss: 0.0363 - mean_squared_error: 0.0363 - val_loss: 0.0254 - val_mean_squared_error: 0.0254
Train on 3200 samples, validate on 7776 samples
3200/3200 - 0s - loss: 0.0359 - mean_squared_error: 0.0359 - val_loss: 0.0319 - val_mean_squared_error: 0.0319
WARNING:tensorflow:From /home/hh2263/miniconda3/envs/drum-1.15/lib/python3.7/site-packages/tensorflow_core/python/ops/resource_variable_ops.py:1630: calling BaseResourceVariable.__init__ (from tensorflow.python.ops.resource_variable_ops) with constraint is deprecated and will be removed in a future version.
Instructions for updating:
If using Keras pass *_constraint arguments to layers.
2020-03-18 14:01:23.210946: I tensorflow/stream_executor/platform/default/dso_loader.cc:44] Successfully opened dynamic library libcuda.so.1
2020-03-18 14:01:23.244002: I tensorflow/core/common_runtime/gpu/gpu_device.cc:1618] Found device 0 with properties: 
name: Tesla P100-PCIE-16GB major: 6 minor: 0 memoryClockRate(GHz): 1.3285
pciBusID: 0000:04:00.0
2020-03-18 14:01:23.244418: I tensorflow/stream_executor/platform/default/dso_loader.cc:44] Successfully opened dynamic library libcudart.so.10.0
2020-03-18 14:01:23.245866: I tensorflow/stream_executor/platform/default/dso_loader.cc:44] Successfully opened dynamic library libcublas.so.10.0
2020-03-18 14:01:23.248129: I tensorflow/stream_executor/platform/default/dso_loader.cc:44] Successfully opened dynamic library libcufft.so.10.0
2020-03-18 14:01:23.248539: I tensorflow/stream_executor/platform/default/dso_loader.cc:44] Successfully opened dynamic library libcurand.so.10.0
2020-03-18 14:01:23.251097: I tensorflow/stream_executor/platform/default/dso_loader.cc:44] Successfully opened dynamic library libcusolver.so.10.0
2020-03-18 14:01:23.253102: I tensorflow/stream_executor/platform/default/dso_loader.cc:44] Successfully opened dynamic library libcusparse.so.10.0
2020-03-18 14:01:23.259512: I tensorflow/stream_executor/platform/default/dso_loader.cc:44] Successfully opened dynamic library libcudnn.so.7
2020-03-18 14:01:23.264663: I tensorflow/core/common_runtime/gpu/gpu_device.cc:1746] Adding visible gpu devices: 0
2020-03-18 14:01:23.265277: I tensorflow/core/platform/cpu_feature_guard.cc:142] Your CPU supports instructions that this TensorFlow binary was not compiled to use: SSE4.1 SSE4.2 AVX AVX2 FMA
2020-03-18 14:01:23.276701: I tensorflow/core/platform/profile_utils/cpu_utils.cc:94] CPU Frequency: 2599815000 Hz
2020-03-18 14:01:23.276948: I tensorflow/compiler/xla/service/service.cc:168] XLA service 0x2b6bfa4de1a0 initialized for platform Host (this does not guarantee that XLA will be used). Devices:
2020-03-18 14:01:23.276981: I tensorflow/compiler/xla/service/service.cc:176]   StreamExecutor device (0): Host, Default Version
2020-03-18 14:01:23.279390: I tensorflow/core/common_runtime/gpu/gpu_device.cc:1618] Found device 0 with properties: 
name: Tesla P100-PCIE-16GB major: 6 minor: 0 memoryClockRate(GHz): 1.3285
pciBusID: 0000:04:00.0
2020-03-18 14:01:23.279445: I tensorflow/stream_executor/platform/default/dso_loader.cc:44] Successfully opened dynamic library libcudart.so.10.0
2020-03-18 14:01:23.279479: I tensorflow/stream_executor/platform/default/dso_loader.cc:44] Successfully opened dynamic library libcublas.so.10.0
2020-03-18 14:01:23.279509: I tensorflow/stream_executor/platform/default/dso_loader.cc:44] Successfully opened dynamic library libcufft.so.10.0
2020-03-18 14:01:23.279538: I tensorflow/stream_executor/platform/default/dso_loader.cc:44] Successfully opened dynamic library libcurand.so.10.0
2020-03-18 14:01:23.279567: I tensorflow/stream_executor/platform/default/dso_loader.cc:44] Successfully opened dynamic library libcusolver.so.10.0
2020-03-18 14:01:23.279596: I tensorflow/stream_executor/platform/default/dso_loader.cc:44] Successfully opened dynamic library libcusparse.so.10.0
2020-03-18 14:01:23.279625: I tensorflow/stream_executor/platform/default/dso_loader.cc:44] Successfully opened dynamic library libcudnn.so.7
2020-03-18 14:01:23.284050: I tensorflow/core/common_runtime/gpu/gpu_device.cc:1746] Adding visible gpu devices: 0
2020-03-18 14:01:23.284106: I tensorflow/stream_executor/platform/default/dso_loader.cc:44] Successfully opened dynamic library libcudart.so.10.0
2020-03-18 14:01:23.415599: I tensorflow/core/common_runtime/gpu/gpu_device.cc:1159] Device interconnect StreamExecutor with strength 1 edge matrix:
2020-03-18 14:01:23.415637: I tensorflow/core/common_runtime/gpu/gpu_device.cc:1165]      0 
2020-03-18 14:01:23.415645: I tensorflow/core/common_runtime/gpu/gpu_device.cc:1178] 0:   N 
2020-03-18 14:01:23.420409: I tensorflow/core/common_runtime/gpu/gpu_device.cc:1304] Created TensorFlow device (/job:localhost/replica:0/task:0/device:GPU:0 with 15216 MB memory) -> physical GPU (device: 0, name: Tesla P100-PCIE-16GB, pci bus id: 0000:04:00.0, compute capability: 6.0)
2020-03-18 14:01:23.422115: I tensorflow/compiler/xla/service/service.cc:168] XLA service 0x2b6bf9dce560 initialized for platform CUDA (this does not guarantee that XLA will be used). Devices:
2020-03-18 14:01:23.422130: I tensorflow/compiler/xla/service/service.cc:176]   StreamExecutor device (0): Tesla P100-PCIE-16GB, Compute Capability 6.0
2020-03-18 14:01:25.175967: I tensorflow/stream_executor/platform/default/dso_loader.cc:44] Successfully opened dynamic library libcublas.so.10.0
2020-03-18 14:01:25.395289: I tensorflow/stream_executor/platform/default/dso_loader.cc:44] Successfully opened dynamic library libcudnn.so.7
2020-03-18 14:01:26.395687: W tensorflow/stream_executor/cuda/redzone_allocator.cc:312] Not found: ./bin/ptxas not found
Relying on driver to perform ptx compilation. This message will be only logged once.
Train on 3200 samples, validate on 7776 samples
3200/3200 - 2s - loss: 0.4997 - mean_squared_error: 0.4997 - val_loss: 0.0931 - val_mean_squared_error: 0.0931
Train on 3200 samples, validate on 7776 samples
3200/3200 - 0s - loss: 0.1316 - mean_squared_error: 0.1316 - val_loss: 0.0439 - val_mean_squared_error: 0.0439
Train on 3200 samples, validate on 7776 samples
3200/3200 - 0s - loss: 0.0843 - mean_squared_error: 0.0843 - val_loss: 0.0423 - val_mean_squared_error: 0.0423
Train on 3200 samples, validate on 7776 samples
3200/3200 - 1s - loss: 0.0731 - mean_squared_error: 0.0731 - val_loss: 0.0498 - val_mean_squared_error: 0.0498
Train on 3200 samples, validate on 7776 samples
3200/3200 - 0s - loss: 0.0673 - mean_squared_error: 0.0673 - val_loss: 0.0405 - val_mean_squared_error: 0.0405
Train on 3200 samples, validate on 7776 samples
3200/3200 - 0s - loss: 0.0641 - mean_squared_error: 0.0641 - val_loss: 0.0395 - val_mean_squared_error: 0.0395
Train on 3200 samples, validate on 7776 samples
3200/3200 - 0s - loss: 0.0629 - mean_squared_error: 0.0629 - val_loss: 0.0319 - val_mean_squared_error: 0.0319
Train on 3200 samples, validate on 7776 samples
3200/3200 - 0s - loss: 0.0592 - mean_squared_error: 0.0592 - val_loss: 0.0310 - val_mean_squared_error: 0.0310
Train on 3200 samples, validate on 7776 samples
3200/3200 - 0s - loss: 0.0589 - mean_squared_error: 0.0589 - val_loss: 0.0272 - val_mean_squared_error: 0.0272
Train on 3200 samples, validate on 7776 samples
3200/3200 - 0s - loss: 0.0587 - mean_squared_error: 0.0587 - val_loss: 0.0241 - val_mean_squared_error: 0.0241
Train on 3200 samples, validate on 7776 samples
3200/3200 - 0s - loss: 0.0556 - mean_squared_error: 0.0556 - val_loss: 0.0260 - val_mean_squared_error: 0.0260
Train on 3200 samples, validate on 7776 samples
3200/3200 - 0s - loss: 0.0564 - mean_squared_error: 0.0564 - val_loss: 0.0277 - val_mean_squared_error: 0.0277
Train on 3200 samples, validate on 7776 samples
3200/3200 - 0s - loss: 0.0570 - mean_squared_error: 0.0570 - val_loss: 0.0286 - val_mean_squared_error: 0.0286
Train on 3200 samples, validate on 7776 samples
3200/3200 - 0s - loss: 0.0556 - mean_squared_error: 0.0556 - val_loss: 0.0279 - val_mean_squared_error: 0.0279
Train on 3200 samples, validate on 7776 samples
3200/3200 - 0s - loss: 0.0543 - mean_squared_error: 0.0543 - val_loss: 0.0267 - val_mean_squared_error: 0.0267
Train on 3200 samples, validate on 7776 samples
3200/3200 - 0s - loss: 0.0533 - mean_squared_error: 0.0533 - val_loss: 0.0237 - val_mean_squared_error: 0.0237
Train on 3200 samples, validate on 7776 samples
3200/3200 - 0s - loss: 0.0527 - mean_squared_error: 0.0527 - val_loss: 0.0242 - val_mean_squared_error: 0.0242
Train on 3200 samples, validate on 7776 samples
3200/3200 - 0s - loss: 0.0534 - mean_squared_error: 0.0534 - val_loss: 0.0244 - val_mean_squared_error: 0.0244
Train on 3200 samples, validate on 7776 samples
3200/3200 - 0s - loss: 0.0519 - mean_squared_error: 0.0519 - val_loss: 0.0253 - val_mean_squared_error: 0.0253
Train on 3200 samples, validate on 7776 samples
3200/3200 - 0s - loss: 0.0523 - mean_squared_error: 0.0523 - val_loss: 0.0229 - val_mean_squared_error: 0.0229
Train on 3200 samples, validate on 7776 samples
3200/3200 - 0s - loss: 0.0515 - mean_squared_error: 0.0515 - val_loss: 0.0226 - val_mean_squared_error: 0.0226
Train on 3200 samples, validate on 7776 samples
3200/3200 - 0s - loss: 0.0508 - mean_squared_error: 0.0508 - val_loss: 0.0218 - val_mean_squared_error: 0.0218
Train on 3200 samples, validate on 7776 samples
3200/3200 - 0s - loss: 0.0523 - mean_squared_error: 0.0523 - val_loss: 0.0203 - val_mean_squared_error: 0.0203
Train on 3200 samples, validate on 7776 samples
3200/3200 - 0s - loss: 0.0504 - mean_squared_error: 0.0504 - val_loss: 0.0219 - val_mean_squared_error: 0.0219
Train on 3200 samples, validate on 7776 samples
3200/3200 - 0s - loss: 0.0501 - mean_squared_error: 0.0501 - val_loss: 0.0257 - val_mean_squared_error: 0.0257
Train on 3200 samples, validate on 7776 samples
3200/3200 - 0s - loss: 0.0521 - mean_squared_error: 0.0521 - val_loss: 0.0209 - val_mean_squared_error: 0.0209
Train on 3200 samples, validate on 7776 samples
3200/3200 - 0s - loss: 0.0501 - mean_squared_error: 0.0501 - val_loss: 0.0211 - val_mean_squared_error: 0.0211
Train on 3200 samples, validate on 7776 samples
3200/3200 - 0s - loss: 0.0503 - mean_squared_error: 0.0503 - val_loss: 0.0212 - val_mean_squared_error: 0.0212
Train on 3200 samples, validate on 7776 samples
3200/3200 - 0s - loss: 0.0504 - mean_squared_error: 0.0504 - val_loss: 0.0199 - val_mean_squared_error: 0.0199
Train on 3200 samples, validate on 7776 samples
3200/3200 - 0s - loss: 0.0501 - mean_squared_error: 0.0501 - val_loss: 0.0202 - val_mean_squared_error: 0.0202
WARNING:tensorflow:From /home/hh2263/miniconda3/envs/drum-1.15/lib/python3.7/site-packages/tensorflow_core/python/ops/resource_variable_ops.py:1630: calling BaseResourceVariable.__init__ (from tensorflow.python.ops.resource_variable_ops) with constraint is deprecated and will be removed in a future version.
Instructions for updating:
If using Keras pass *_constraint arguments to layers.
2020-03-18 14:01:49.224613: I tensorflow/stream_executor/platform/default/dso_loader.cc:44] Successfully opened dynamic library libcuda.so.1
2020-03-18 14:01:49.255502: I tensorflow/core/common_runtime/gpu/gpu_device.cc:1618] Found device 0 with properties: 
name: Tesla P100-PCIE-16GB major: 6 minor: 0 memoryClockRate(GHz): 1.3285
pciBusID: 0000:04:00.0
2020-03-18 14:01:49.256012: I tensorflow/stream_executor/platform/default/dso_loader.cc:44] Successfully opened dynamic library libcudart.so.10.0
2020-03-18 14:01:49.257877: I tensorflow/stream_executor/platform/default/dso_loader.cc:44] Successfully opened dynamic library libcublas.so.10.0
2020-03-18 14:01:49.259650: I tensorflow/stream_executor/platform/default/dso_loader.cc:44] Successfully opened dynamic library libcufft.so.10.0
2020-03-18 14:01:49.260050: I tensorflow/stream_executor/platform/default/dso_loader.cc:44] Successfully opened dynamic library libcurand.so.10.0
2020-03-18 14:01:49.262976: I tensorflow/stream_executor/platform/default/dso_loader.cc:44] Successfully opened dynamic library libcusolver.so.10.0
2020-03-18 14:01:49.264995: I tensorflow/stream_executor/platform/default/dso_loader.cc:44] Successfully opened dynamic library libcusparse.so.10.0
2020-03-18 14:01:49.270706: I tensorflow/stream_executor/platform/default/dso_loader.cc:44] Successfully opened dynamic library libcudnn.so.7
2020-03-18 14:01:49.275244: I tensorflow/core/common_runtime/gpu/gpu_device.cc:1746] Adding visible gpu devices: 0
2020-03-18 14:01:49.275784: I tensorflow/core/platform/cpu_feature_guard.cc:142] Your CPU supports instructions that this TensorFlow binary was not compiled to use: SSE4.1 SSE4.2 AVX AVX2 FMA
2020-03-18 14:01:49.286015: I tensorflow/core/platform/profile_utils/cpu_utils.cc:94] CPU Frequency: 2599815000 Hz
2020-03-18 14:01:49.286236: I tensorflow/compiler/xla/service/service.cc:168] XLA service 0x2acae0a387b0 initialized for platform Host (this does not guarantee that XLA will be used). Devices:
2020-03-18 14:01:49.286266: I tensorflow/compiler/xla/service/service.cc:176]   StreamExecutor device (0): Host, Default Version
2020-03-18 14:01:49.288558: I tensorflow/core/common_runtime/gpu/gpu_device.cc:1618] Found device 0 with properties: 
name: Tesla P100-PCIE-16GB major: 6 minor: 0 memoryClockRate(GHz): 1.3285
pciBusID: 0000:04:00.0
2020-03-18 14:01:49.288608: I tensorflow/stream_executor/platform/default/dso_loader.cc:44] Successfully opened dynamic library libcudart.so.10.0
2020-03-18 14:01:49.288639: I tensorflow/stream_executor/platform/default/dso_loader.cc:44] Successfully opened dynamic library libcublas.so.10.0
2020-03-18 14:01:49.288666: I tensorflow/stream_executor/platform/default/dso_loader.cc:44] Successfully opened dynamic library libcufft.so.10.0
2020-03-18 14:01:49.288692: I tensorflow/stream_executor/platform/default/dso_loader.cc:44] Successfully opened dynamic library libcurand.so.10.0
2020-03-18 14:01:49.288718: I tensorflow/stream_executor/platform/default/dso_loader.cc:44] Successfully opened dynamic library libcusolver.so.10.0
2020-03-18 14:01:49.288743: I tensorflow/stream_executor/platform/default/dso_loader.cc:44] Successfully opened dynamic library libcusparse.so.10.0
2020-03-18 14:01:49.288769: I tensorflow/stream_executor/platform/default/dso_loader.cc:44] Successfully opened dynamic library libcudnn.so.7
2020-03-18 14:01:49.292789: I tensorflow/core/common_runtime/gpu/gpu_device.cc:1746] Adding visible gpu devices: 0
2020-03-18 14:01:49.292840: I tensorflow/stream_executor/platform/default/dso_loader.cc:44] Successfully opened dynamic library libcudart.so.10.0
2020-03-18 14:01:49.416343: I tensorflow/core/common_runtime/gpu/gpu_device.cc:1159] Device interconnect StreamExecutor with strength 1 edge matrix:
2020-03-18 14:01:49.416383: I tensorflow/core/common_runtime/gpu/gpu_device.cc:1165]      0 
2020-03-18 14:01:49.416393: I tensorflow/core/common_runtime/gpu/gpu_device.cc:1178] 0:   N 
2020-03-18 14:01:49.421390: I tensorflow/core/common_runtime/gpu/gpu_device.cc:1304] Created TensorFlow device (/job:localhost/replica:0/task:0/device:GPU:0 with 15216 MB memory) -> physical GPU (device: 0, name: Tesla P100-PCIE-16GB, pci bus id: 0000:04:00.0, compute capability: 6.0)
2020-03-18 14:01:49.423211: I tensorflow/compiler/xla/service/service.cc:168] XLA service 0x2acad64d1940 initialized for platform CUDA (this does not guarantee that XLA will be used). Devices:
2020-03-18 14:01:49.423227: I tensorflow/compiler/xla/service/service.cc:176]   StreamExecutor device (0): Tesla P100-PCIE-16GB, Compute Capability 6.0
2020-03-18 14:01:51.160672: I tensorflow/stream_executor/platform/default/dso_loader.cc:44] Successfully opened dynamic library libcublas.so.10.0
2020-03-18 14:01:51.381778: I tensorflow/stream_executor/platform/default/dso_loader.cc:44] Successfully opened dynamic library libcudnn.so.7
2020-03-18 14:01:52.378996: W tensorflow/stream_executor/cuda/redzone_allocator.cc:312] Not found: ./bin/ptxas not found
Relying on driver to perform ptx compilation. This message will be only logged once.
Train on 3200 samples, validate on 7776 samples
3200/3200 - 2s - loss: 0.5635 - mean_squared_error: 0.5635 - val_loss: 0.1025 - val_mean_squared_error: 0.1025
Train on 3200 samples, validate on 7776 samples
3200/3200 - 1s - loss: 0.1345 - mean_squared_error: 0.1345 - val_loss: 0.0689 - val_mean_squared_error: 0.0689
Train on 3200 samples, validate on 7776 samples
3200/3200 - 0s - loss: 0.0785 - mean_squared_error: 0.0785 - val_loss: 0.0937 - val_mean_squared_error: 0.0937
Train on 3200 samples, validate on 7776 samples
3200/3200 - 0s - loss: 0.0685 - mean_squared_error: 0.0685 - val_loss: 0.0970 - val_mean_squared_error: 0.0970
Train on 3200 samples, validate on 7776 samples
3200/3200 - 0s - loss: 0.0660 - mean_squared_error: 0.0660 - val_loss: 0.0879 - val_mean_squared_error: 0.0879
Train on 3200 samples, validate on 7776 samples
3200/3200 - 0s - loss: 0.0609 - mean_squared_error: 0.0609 - val_loss: 0.0643 - val_mean_squared_error: 0.0643
Train on 3200 samples, validate on 7776 samples
3200/3200 - 0s - loss: 0.0592 - mean_squared_error: 0.0592 - val_loss: 0.0523 - val_mean_squared_error: 0.0523
Train on 3200 samples, validate on 7776 samples
3200/3200 - 0s - loss: 0.0567 - mean_squared_error: 0.0567 - val_loss: 0.0337 - val_mean_squared_error: 0.0337
Train on 3200 samples, validate on 7776 samples
3200/3200 - 0s - loss: 0.0544 - mean_squared_error: 0.0544 - val_loss: 0.0286 - val_mean_squared_error: 0.0286
Train on 3200 samples, validate on 7776 samples
3200/3200 - 0s - loss: 0.0526 - mean_squared_error: 0.0526 - val_loss: 0.0236 - val_mean_squared_error: 0.0236
Train on 3200 samples, validate on 7776 samples
3200/3200 - 0s - loss: 0.0512 - mean_squared_error: 0.0512 - val_loss: 0.0246 - val_mean_squared_error: 0.0246
Train on 3200 samples, validate on 7776 samples
3200/3200 - 0s - loss: 0.0498 - mean_squared_error: 0.0498 - val_loss: 0.0246 - val_mean_squared_error: 0.0246
Train on 3200 samples, validate on 7776 samples
3200/3200 - 0s - loss: 0.0480 - mean_squared_error: 0.0480 - val_loss: 0.0252 - val_mean_squared_error: 0.0252
Train on 3200 samples, validate on 7776 samples
3200/3200 - 0s - loss: 0.0490 - mean_squared_error: 0.0490 - val_loss: 0.0227 - val_mean_squared_error: 0.0227
Train on 3200 samples, validate on 7776 samples
3200/3200 - 1s - loss: 0.0467 - mean_squared_error: 0.0467 - val_loss: 0.0217 - val_mean_squared_error: 0.0217
Train on 3200 samples, validate on 7776 samples
3200/3200 - 0s - loss: 0.0467 - mean_squared_error: 0.0467 - val_loss: 0.0218 - val_mean_squared_error: 0.0218
Train on 3200 samples, validate on 7776 samples
3200/3200 - 0s - loss: 0.0466 - mean_squared_error: 0.0466 - val_loss: 0.0228 - val_mean_squared_error: 0.0228
Train on 3200 samples, validate on 7776 samples
3200/3200 - 0s - loss: 0.0462 - mean_squared_error: 0.0462 - val_loss: 0.0220 - val_mean_squared_error: 0.0220
Train on 3200 samples, validate on 7776 samples
3200/3200 - 0s - loss: 0.0441 - mean_squared_error: 0.0441 - val_loss: 0.0253 - val_mean_squared_error: 0.0253
Train on 3200 samples, validate on 7776 samples
3200/3200 - 0s - loss: 0.0433 - mean_squared_error: 0.0433 - val_loss: 0.0196 - val_mean_squared_error: 0.0196
Train on 3200 samples, validate on 7776 samples
3200/3200 - 0s - loss: 0.0421 - mean_squared_error: 0.0421 - val_loss: 0.0221 - val_mean_squared_error: 0.0221
Train on 3200 samples, validate on 7776 samples
3200/3200 - 0s - loss: 0.0429 - mean_squared_error: 0.0429 - val_loss: 0.0234 - val_mean_squared_error: 0.0234
Train on 3200 samples, validate on 7776 samples
3200/3200 - 0s - loss: 0.0416 - mean_squared_error: 0.0416 - val_loss: 0.0221 - val_mean_squared_error: 0.0221
Train on 3200 samples, validate on 7776 samples
3200/3200 - 0s - loss: 0.0406 - mean_squared_error: 0.0406 - val_loss: 0.0223 - val_mean_squared_error: 0.0223
Train on 3200 samples, validate on 7776 samples
3200/3200 - 0s - loss: 0.0406 - mean_squared_error: 0.0406 - val_loss: 0.0191 - val_mean_squared_error: 0.0191
Train on 3200 samples, validate on 7776 samples
3200/3200 - 0s - loss: 0.0398 - mean_squared_error: 0.0398 - val_loss: 0.0222 - val_mean_squared_error: 0.0222
Train on 3200 samples, validate on 7776 samples
3200/3200 - 0s - loss: 0.0398 - mean_squared_error: 0.0398 - val_loss: 0.0191 - val_mean_squared_error: 0.0191
Train on 3200 samples, validate on 7776 samples
3200/3200 - 0s - loss: 0.0386 - mean_squared_error: 0.0386 - val_loss: 0.0212 - val_mean_squared_error: 0.0212
Train on 3200 samples, validate on 7776 samples
3200/3200 - 0s - loss: 0.0382 - mean_squared_error: 0.0382 - val_loss: 0.0212 - val_mean_squared_error: 0.0212
Train on 3200 samples, validate on 7776 samples
3200/3200 - 0s - loss: 0.0384 - mean_squared_error: 0.0384 - val_loss: 0.0175 - val_mean_squared_error: 0.0175
